-- Reading "ALB.csv" started --
-- Reading "AND.csv" started --
-- Reading "ARE.csv" started --
-- Reading "ARG.csv" started --
-- Reading "ARM.csv" started --
-- Reading "ATG.csv" started --
-- Reading "AUS.csv" started --
-- Reading "AUT.csv" started --
-- Reading "AZE.csv" started --
-- Reading "BEL.csv" started --
-- Reading "BEN.csv" started --
-- Reading "BFA.csv" started --
-- Reading "BGD.csv" started --
-- Reading "BGR.csv" started --
-- Reading "BHR.csv" started --
-- Reading "BHS.csv" started --
-- Reading "BIH.csv" started --
-- Reading "BLR.csv" started --
-- Reading "BLZ.csv" started --
-- Reading "BOL.csv" started --
-- Reading "BRA.csv" started --
-- Reading "BRN.csv" started --
-- Reading "BTN.csv" started --
-- Reading "BWA.csv" started --
-- Reading "CAN.csv" started --
-- Reading "CHE.csv" started --
-- Reading "CHL.csv" started --
-- Reading "CMR.csv" started --
-- Reading "COG.csv" started --
-- Reading "COL.csv" started --
-- Reading "CPV.csv" started --
-- Reading "CRI.csv" started --
-- Reading "CYP.csv" started --
-- Reading "CZE.csv" started --
-- Reading "DEU.csv" started --
-- Reading "DNK.csv" started --
-- Reading "DOM.csv" started --
-- Reading "DZA.csv" started --
-- Reading "ECU.csv" started --
-- Reading "EGY.csv" started --
-- Reading "ESP.csv" started --
-- Reading "EST.csv" started --
-- Reading "ETH.csv" started --
-- Reading "FIN.csv" started --
-- Reading "FJI.csv" started --
-- Reading "FRA.csv" started --
-- Reading "GBR.csv" started --
-- Reading "GEO.csv" started --
-- Reading "GHA.csv" started --
-- Reading "GIN.csv" started --
-- Reading "GRC.csv" started --
-- Reading "GTM.csv" started --
-- Reading "GUY.csv" started --
Invalid 3-letter *.csv name: HKG.csv
-- Reading "HKG.csv" started --
-- Reading "HND.csv" started --
-- Reading "HRV.csv" started --
-- Reading "HTI.csv" started --
-- Reading "HUN.csv" started --
-- Reading "IDN.csv" started --
-- Reading "IND.csv" started --
-- Reading "IRL.csv" started --
-- Reading "IRN.csv" started --
-- Reading "IRQ.csv" started --
-- Reading "ISL.csv" started --
-- Reading "ISR.csv" started --
-- Reading "ITA.csv" started --
-- Reading "JAM.csv" started --
-- Reading "JOR.csv" started --
-- Reading "JPN.csv" started --
-- Reading "KAZ.csv" started --
-- Reading "KEN.csv" started --
-- Reading "KGZ.csv" started --
-- Reading "KHM.csv" started --
-- Reading "KIR.csv" started --
-- Reading "KOR.csv" started --
-- Reading "KWT.csv" started --
-- Reading "LAO.csv" started --
-- Reading "LBN.csv" started --
-- Reading "LBR.csv" started --
-- Reading "LCA.csv" started --
-- Reading "LKA.csv" started --
-- Reading "LSO.csv" started --
-- Reading "LTU.csv" started --
-- Reading "LUX.csv" started --
-- Reading "LVA.csv" started --
Invalid 3-letter *.csv name: MAC.csv
-- Reading "MAC.csv" started --
-- Reading "MAR.csv" started --
-- Reading "MCO.csv" started --
-- Reading "MDV.csv" started --
-- Reading "MEX.csv" started --
-- Reading "MKD.csv" started --
-- Reading "MLT.csv" started --
-- Reading "MNE.csv" started --
-- Reading "MNG.csv" started --
-- Reading "MOZ.csv" started --
-- Reading "MRT.csv" started --
-- Reading "MUS.csv" started --
-- Reading "MYS.csv" started --
-- Reading "NAM.csv" started --
-- Reading "NER.csv" started --
-- Reading "NGA.csv" started --
-- Reading "NIC.csv" started --
-- Reading "NLD.csv" started --
-- Reading "NPL.csv" started --
-- Reading "NZL.csv" started --
-- Reading "OMN.csv" started --
-- Reading "PAK.csv" started --
-- Reading "PAN.csv" started --
-- Reading "PER.csv" started --
-- Reading "PHL.csv" started --
-- Reading "POL.csv" started --
-- Reading "PRT.csv" started --
-- Reading "PRY.csv" started --
-- Reading "QAT.csv" started --
-- Reading "ROU.csv" started --
-- Reading "RUS.csv" started --
-- Reading "RWA.csv" started --
-- Reading "SAU.csv" started --
-- Reading "SEN.csv" started --
-- Reading "SGP.csv" started --
-- Reading "SLB.csv" started --
-- Reading "SLE.csv" started --
-- Reading "SLV.csv" started --
-- Reading "SRB.csv" started --
-- Reading "STP.csv" started --
-- Reading "SUR.csv" started --
-- Reading "SVK.csv" started --
-- Reading "SVN.csv" started --
-- Reading "SWE.csv" started --
-- Reading "SYC.csv" started --
-- Reading "SYR.csv" started --
-- Reading "THA.csv" started --
-- Reading "TJK.csv" started --
-- Reading "TLS.csv" started --
-- Reading "TON.csv" started --
-- Reading "TUN.csv" started --
-- Reading "TUR.csv" started --
Invalid 3-letter *.csv name: TWN.csv
-- Reading "TWN.csv" started --
-- Reading "TZA.csv" started --
-- Reading "UGA.csv" started --
-- Reading "UKR.csv" started --
-- Reading "URY.csv" started --
-- Reading "USA.csv" started --
-- Reading "UZB.csv" started --
-- Reading "VEN.csv" started --
-- Reading "VNM.csv" started --
-- Reading "VUT.csv" started --
-- Reading "WSM.csv" started --
-- Reading "YEM.csv" started --
-- Reading "ZAF.csv" started --
-- Reading "ZMB.csv" started --
-- Reading "ZWE.csv" started --
-- Processed 152 Prem matrices --
