Input	../Output/Countries/BOL.dat
Flat	no	Result	f(y)~beta0+beta1*y
Regression	asymptotic	c	2	Include	left
Range	0	48
beta0	3.51079	error	0.052144
beta1	0.0631548	error	0.0017419

X	Y	Error	Weight
0	3.43859	0.203827	1
1	3.44773	0.203556	1
2	3.50942	0.201759	1
3	3.55125	0.200567	1
4	3.41069	0.204659	1
5	3.62245	0.198587	1
6	3.8889	0.191663	1
7	3.97567	0.18956	1
8	4.11788	0.186258	1
9	4.16334	0.185238	1
10	4.17439	0.184993	1
11	4.27069	0.182895	1
12	4.19398	0.18456	1
13	4.0991	0.186684	1
14	4.45767	0.179018	1
15	4.52179	0.177744	1
16	4.55688	0.177059	1
17	4.67283	0.174848	1
18	4.70824	0.174189	1
19	4.87192	0.171238	1
20	4.99818	0.169062	1
21	4.92829	0.170256	1
22	4.92311	0.170346	1
23	5.10161	0.167339	1
24	5.11199	0.167169	1
25	5.19454	0.165835	1
26	5.21727	0.165474	1
27	5.23264	0.165231	1
28	5.29043	0.164326	1
29	5.38842	0.162825	1
30	5.32092	0.163854	1
31	5.37858	0.162974	1
32	5.53339	0.160678	1
33	5.55793	0.160322	1
34	5.65599	0.158927	1
35	5.69853	0.158332	1
36	5.73887	0.157775	1
37	5.83606	0.156456	1
38	5.93829	0.155103	1
39	6.00881	0.15419	1
40	6.125	0.152721	1
41	6.10988	0.15291	1
42	6.26394	0.151017	1
43	6.2753	0.150881	1
44	6.31536	0.150401	1
45	6.31122	0.150451	1
46	6.3151	0.150405	1
47	6.31199	0.150442	1
48	6.34739	0.150021	1
49	6.28786	0.15073	0
50	6.25958	0.15107	0
51	6.1909	0.151906	0
52	6.25739	0.151096	0
53	6.25465	0.15113	0
54	6.32794	0.150252	0
55	6.39717	0.149437	0
56	6.46236	0.148681	0
57	6.53379	0.147866	0
58	6.59578	0.14717	0
59	6.61798	0.146923	0
60	6.64898	0.14658	0
61	6.63595	0.146723	0
62	6.6751	0.146292	0
63	6.69703	0.146053	0
64	6.7417	0.145568	0
65	6.82126	0.144717	0
66	6.83457	0.144576	0
67	6.87906	0.144107	0
68	6.90833	0.143802	0
69	6.90015	0.143887	0
70	6.93091	0.143567	0
71	6.927	0.143608	0
72	6.85375	0.144373	0
73	6.88317	0.144064	0
74	6.86991	0.144203	0
75	6.91132	0.143771	0
76	6.96265	0.14324	0
77	6.96265	0.14324	0
78	7.0125	0.14273	0
79	7.08817	0.141966	0
80	7.08123	0.142035	0
81	7.1317	0.141532	0
82	7.11186	0.141729	0
83	7.13056	0.141543	0
84	7.1733	0.141121	0
85	7.14677	0.141383	0
86	7.12987	0.14155	0
87	7.19422	0.140916	0
88	7.18474	0.141009	0
89	7.26872	0.140192	0
90	7.31674	0.139731	0
91	7.35409	0.139376	0
92	7.39502	0.138989	0
93	7.42493	0.138709	0
94	7.40332	0.138911	0
95	7.43981	0.13857	0
96	7.36843	0.13924	0
97	7.29922	0.139898	0
98	7.27863	0.140096	0
99	7.24901	0.140382	0
100	7.28325	0.140052	0
101	7.26143	0.140262	0
102	7.20245	0.140835	0
103	7.26263	0.14025	0
104	7.29719	0.139918	0
105	7.31436	0.139754	0
106	7.33433	0.139563	0
107	7.32881	0.139616	0
108	7.36283	0.139293	0
109	7.41345	0.138816	0
110	7.37678	0.139161	0
111	7.36897	0.139235	0
112	7.29029	0.139984	0
113	7.24891	0.140383	0
114	7.2431	0.140439	0
115	7.26112	0.140265	0
116	7.25741	0.140301	0
117	7.26802	0.140198	0
118	7.27031	0.140176	0
119	7.27349	0.140146	0
120	7.29835	0.139907	0
121	7.22236	0.140641	0
122	7.23304	0.140537	0
123	7.26233	0.140253	0
124	7.22423	0.140623	0
125	7.21156	0.140746	0
126	7.18981	0.140959	0
127	7.13717	0.141478	0
128	7.1507	0.141344	0
129	7.03878	0.142463	0
130	6.91402	0.143743	0
131	6.91686	0.143713	0
132	6.90403	0.143847	0
133	6.89727	0.143917	0
134	6.88156	0.144081	0
135	6.82593	0.144667	0
136	6.7973	0.144972	0
137	6.72555	0.145743	0
138	6.69386	0.146087	0
139	6.60491	0.147068	0
140	6.54842	0.147701	0
141	6.53067	0.147901	0
142	6.57248	0.14743	0
143	6.57945	0.147352	0
144	6.65139	0.146553	0
145	6.65268	0.146539	0
146	6.68318	0.146204	0
147	6.70948	0.145917	0
148	6.75727	0.1454	0
149	6.7561	0.145413	0
150	6.74993	0.145479	0
151	6.67149	0.146332	0
152	6.61319	0.146976	0
153	6.54678	0.147719	0
154	6.46325	0.148671	0
155	6.31897	0.150358	0
156	6.17587	0.15209	0
157	6.11463	0.15285	0
158	6.09904	0.153045	0
159	6.12468	0.152725	0
160	6.11589	0.152834	0
161	6.10032	0.153029	0
162	6.13278	0.152624	0
163	6.13649	0.152578	0
164	6.12124	0.152768	0
165	6.16211	0.15226	0
166	6.0926	0.153126	0
167	6.05946	0.153544	0
168	6.05276	0.153629	0
169	6.0494	0.153672	0
170	6.02102	0.154034	0
171	6.00106	0.15429	0
172	5.83523	0.156467	0
173	5.77411	0.157293	0
174	5.65848	0.158892	0
175	5.60053	0.159712	0
176	5.49599	0.161223	0
177	5.42432	0.162285	0
178	5.33616	0.16362	0
179	5.32301	0.163822	0
180	5.26195	0.16477	0
181	5.25152	0.164933	0
182	5.18259	0.166027	0
183	5.14166	0.166686	0
184	5.13999	0.166713	0
185	5.0707	0.167848	0
186	5.04527	0.168271	0
187	5.08052	0.167686	0
188	5.01063	0.168851	0
189	5.02857	0.16855	0
190	5.04065	0.168348	0
191	5.022	0.16866	0
192	5.04527	0.168271	0
193	5.05077	0.168179	0
194	5.00011	0.169029	0
195	4.98066	0.169359	0
196	4.9396	0.170061	0
197	4.94164	0.170026	0
198	4.87301	0.171219	0
199	4.75359	0.173356	0
200	4.66209	0.175049	0
201	4.62917	0.175671	0
202	4.62216	0.175804	0
203	4.56137	0.176972	0
204	4.51867	0.177806	0
205	4.59656	0.176293	0
206	4.64439	0.175383	0
207	4.62497	0.17575	0
208	4.58788	0.176459	0
209	4.64164	0.175435	0
210	4.67948	0.174724	0
211	4.70178	0.174309	0
212	4.75112	0.173402	0
213	4.74988	0.173424	0
214	4.72992	0.17379	0
215	4.81913	0.172174	0
216	4.71978	0.173976	0
217	4.66209	0.175049	0
218	4.64987	0.175279	0
219	4.55086	0.177176	0
220	4.56732	0.176856	0
221	4.61512	0.175938	0
222	4.50613	0.178053	0
223	4.51556	0.177867	0
224	4.56137	0.176972	0
225	4.52179	0.177744	0
226	4.56732	0.176856	0
227	4.55086	0.177176	0
228	4.63056	0.175644	0
229	4.73369	0.173721	0
230	4.77672	0.172936	0
231	4.85648	0.17151	0
232	4.89784	0.170785	0
233	4.90949	0.170582	0
