Input	../Output/Countries/CHL.dat
Flat	no	Result	f(y)~beta0+beta1*y
Regression	asymptotic	c	2	Include	left
Range	0	81
beta0	4.49635	error	0.0353338
beta1	0.0551757	error	0.000696176

X	Y	Error	Weight
0	3.49216	0.202257	1
1	3.49216	0.202257	1
2	4.06044	0.18757	1
3	4.27667	0.182767	1
4	4.42741	0.179629	1
5	4.4822	0.178528	1
6	4.67283	0.174848	1
7	4.89142	0.170897	1
8	5.05351	0.168134	1
9	5.14749	0.166592	1
10	5.31461	0.163951	1
11	5.40525	0.162571	1
12	5.52374	0.160818	1
13	5.58618	0.159917	1
14	5.62453	0.15937	1
15	5.72685	0.15794	1
16	5.74025	0.157756	1
17	5.812	0.156779	1
18	5.84561	0.156328	1
19	5.85956	0.156142	1
20	5.86444	0.156077	1
21	5.91851	0.155362	1
22	5.93867	0.155098	1
23	6.00987	0.154177	1
24	6.06412	0.153485	1
25	6.05611	0.153587	1
26	6.04534	0.153724	1
27	6.07568	0.153339	1
28	6.05108	0.153651	1
29	6.08678	0.1532	1
30	6.05912	0.153549	1
31	6.13495	0.152597	1
32	6.15698	0.152324	1
33	6.18885	0.151931	1
34	6.16901	0.152175	1
35	6.2008	0.151784	1
36	6.19557	0.151848	1
37	6.20974	0.151675	1
38	6.33277	0.150195	1
39	6.36155	0.149854	1
40	6.37697	0.149673	1
41	6.43064	0.149047	1
42	6.44345	0.148899	1
43	6.57567	0.147394	1
44	6.66895	0.14636	1
45	6.86036	0.144304	1
46	6.96751	0.14319	1
47	7.03237	0.142528	1
48	7.1309	0.14154	1
49	7.18776	0.140979	1
50	7.22953	0.140571	1
51	7.27071	0.140172	1
52	7.35929	0.139326	1
53	7.39669	0.138974	1
54	7.41552	0.138797	1
55	7.43973	0.138571	1
56	7.56779	0.137394	1
57	7.64765	0.136674	1
58	7.72065	0.136027	1
59	7.84149	0.134974	1
60	7.88037	0.134641	1
61	7.93712	0.134159	1
62	8.0279	0.133398	1
63	8.09014	0.132884	1
64	8.14571	0.13243	1
65	8.21663	0.131857	1
66	8.37204	0.130628	1
67	8.41586	0.130287	1
68	8.49536	0.129676	1
69	8.50824	0.129578	1
70	8.51656	0.129515	1
71	8.5361	0.129366	1
72	8.51968	0.129491	1
73	8.61076	0.128804	1
74	8.63951	0.12859	1
75	8.65394	0.128482	1
76	8.64302	0.128564	1
77	8.65837	0.12845	1
78	8.65862	0.128448	1
79	8.67124	0.128354	1
80	8.69069	0.128211	1
81	8.72782	0.127938	1
82	8.70975	0.12807	0
83	8.71878	0.128004	0
84	8.73626	0.127876	0
85	8.75832	0.127715	0
86	8.81393	0.127311	0
87	8.6823	0.128273	0
88	8.69512	0.128178	0
89	8.70576	0.1281	0
90	8.73145	0.127911	0
91	8.63982	0.128587	0
92	8.61003	0.12881	0
93	8.59788	0.128901	0
94	8.52045	0.129485	0
95	8.4818	0.12978	0
96	8.46584	0.129902	0
97	8.4288	0.130187	0
98	8.48195	0.129779	0
99	8.48706	0.12974	0
100	8.42655	0.130205	0
101	8.39641	0.130438	0
102	8.35053	0.130796	0
103	8.33038	0.130954	0
104	8.31616	0.131066	0
105	8.28064	0.131347	0
106	8.19962	0.131994	0
107	8.16982	0.132234	0
108	8.14327	0.13245	0
109	8.12097	0.132632	0
110	8.07794	0.132984	0
111	8.03574	0.133333	0
112	8.00827	0.133562	0
113	8.03801	0.133314	0
114	8.01514	0.133504	0
115	7.96664	0.13391	0
116	7.93272	0.134196	0
117	7.91153	0.134376	0
118	7.87821	0.13466	0
119	7.85897	0.134824	0
120	7.82302	0.135134	0
121	7.80472	0.135292	0
122	7.78424	0.13547	0
123	7.72747	0.135967	0
124	7.69439	0.136259	0
125	7.68248	0.136364	0
126	7.68294	0.13636	0
127	7.67395	0.13644	0
128	7.66085	0.136556	0
129	7.65282	0.136628	0
130	7.66052	0.136559	0
131	7.6628	0.136539	0
132	7.67767	0.136407	0
133	7.68136	0.136374	0
134	7.65492	0.136609	0
135	7.6265	0.136864	0
136	7.60561	0.137052	0
137	7.59668	0.137132	0
138	7.56971	0.137376	0
139	7.53918	0.137654	0
140	7.53812	0.137664	0
141	7.53713	0.137673	0
142	7.53887	0.137657	0
143	7.55448	0.137515	0
144	7.55149	0.137542	0
145	7.5683	0.137389	0
146	7.57588	0.13732	0
147	7.56045	0.13746	0
148	7.55434	0.137516	0
149	7.54856	0.137569	0
150	7.51744	0.137853	0
151	7.5183	0.137845	0
152	7.48421	0.138159	0
153	7.46647	0.138323	0
154	7.43577	0.138608	0
155	7.43121	0.13865	0
156	7.41784	0.138775	0
157	7.43045	0.138657	0
158	7.42306	0.138727	0
159	7.45224	0.138455	0
160	7.45753	0.138406	0
161	7.47372	0.138256	0
162	7.46762	0.138312	0
163	7.46353	0.13835	0
164	7.47153	0.138276	0
165	7.47218	0.13827	0
166	7.45983	0.138384	0
167	7.46	0.138383	0
168	7.47744	0.138221	0
169	7.47946	0.138202	0
170	7.48733	0.13813	0
171	7.48156	0.138183	0
172	7.49045	0.138101	0
173	7.49141	0.138092	0
174	7.47922	0.138205	0
175	7.47047	0.138286	0
176	7.46066	0.138377	0
177	7.45224	0.138455	0
178	7.4659	0.138328	0
179	7.46639	0.138323	0
180	7.45991	0.138383	0
181	7.48292	0.138171	0
182	7.46819	0.138307	0
183	7.48605	0.138142	0
184	7.47079	0.138283	0
185	7.44742	0.138499	0
186	7.40645	0.138882	0
187	7.36292	0.139292	0
188	7.31702	0.139728	0
189	7.32421	0.13966	0
190	7.3117	0.139779	0
191	7.36346	0.139287	0
192	7.38709	0.139064	0
193	7.41517	0.1388	0
194	7.46353	0.13835	0
195	7.50949	0.137926	0
196	7.53354	0.137706	0
197	7.53568	0.137686	0
198	7.50518	0.137965	0
199	7.48693	0.138133	0
200	7.46965	0.138293	0
201	7.45298	0.138448	0
202	7.44725	0.138501	0
203	7.39975	0.138945	0
204	7.38363	0.139096	0
205	7.37588	0.139169	0
206	7.37095	0.139216	0
207	7.37704	0.139159	0
208	7.36753	0.139248	0
209	7.35737	0.139344	0
210	7.35354	0.139381	0
211	7.31131	0.139783	0
212	7.30567	0.139837	0
213	7.30442	0.139849	0
214	7.30259	0.139866	0
215	7.31065	0.139789	0
216	7.28404	0.140044	0
217	7.29059	0.139981	0
218	7.326	0.139643	0
219	7.33358	0.13957	0
220	7.31693	0.139729	0
221	7.29428	0.139946	0
222	7.29331	0.139955	0
223	7.26912	0.140188	0
224	7.25367	0.140337	0
225	7.2563	0.140312	0
226	7.23036	0.140563	0
227	7.23541	0.140514	0
228	7.24433	0.140427	0
229	7.21755	0.140688	0
230	7.2316	0.140551	0
231	7.2144	0.140718	0
232	7.2165	0.140698	0
233	7.24616	0.14041	0
234	7.23613	0.140507	0
235	7.23335	0.140534	0
236	7.23798	0.140489	0
237	7.23449	0.140523	0
238	7.24034	0.140466	0
239	7.24993	0.140373	0
240	7.22777	0.140588	0
241	7.23387	0.140529	0
242	7.23552	0.140513	0
243	7.23654	0.140503	0
244	7.23428	0.140525	0
245	7.23952	0.140474	0
246	7.2209	0.140655	0
247	7.21891	0.140674	0
248	7.20966	0.140765	0
249	7.19904	0.140868	0
250	7.21061	0.140755	0
251	7.21071	0.140754	0
252	7.21671	0.140696	0
253	7.2288	0.140578	0
254	7.22963	0.14057	0
255	7.24402	0.14043	0
256	7.24321	0.140438	0
257	7.23015	0.140565	0
258	7.24188	0.140451	0
259	7.24484	0.140422	0
260	7.2385	0.140484	0
261	7.25357	0.140338	0
262	7.23675	0.140501	0
263	7.25962	0.140279	0
264	7.30355	0.139857	0
