Input	../Output/Countries/CZE.dat
Flat	no	Result	f(y)~beta0+beta1*y
Regression	asymptotic	c	2	Include	left
Range	0	18
beta0	3.84847	error	0.0817157
beta1	0.113826	error	0.00736212

X	Y	Error	Weight
0	3.45676	0.20329	1
1	3.64134	0.198071	1
2	3.9262	0.19075	1
3	3.97567	0.18956	1
4	4.45102	0.179152	1
5	4.59367	0.176348	1
6	4.74618	0.173492	1
7	4.81913	0.172174	1
8	4.89784	0.170785	1
9	4.95984	0.169714	1
10	5.1358	0.166781	1
11	5.16967	0.166234	1
12	5.33064	0.163705	1
13	5.4541	0.161841	1
14	5.49071	0.161301	1
15	5.53	0.160727	1
16	5.61104	0.159562	1
17	5.57919	0.160017	1
18	5.62092	0.159422	1
19	5.55628	0.160346	0
20	5.57215	0.160118	0
21	5.53282	0.160686	0
22	5.56123	0.160275	0
23	5.49775	0.161198	0
24	5.55185	0.16041	0
25	5.49892	0.16118	0
26	5.45715	0.161796	0
27	5.2686	0.164666	0
28	5.30117	0.164159	0
29	5.17453	0.166156	0
30	5.05169	0.168164	0
31	4.86092	0.171432	0
32	4.81567	0.172236	0
33	4.75973	0.173245	0
34	4.70695	0.174213	0
35	4.68081	0.174699	0
36	4.78868	0.17272	0
37	4.88063	0.171085	0
38	4.87411	0.1712	0
39	4.67948	0.174724	0
40	4.63889	0.175487	0
41	4.66881	0.174923	0
42	4.54329	0.177323	0
43	4.35487	0.181119	0
44	4.20895	0.184232	0
45	4.15665	0.185387	0
46	4.25864	0.183154	0
47	4.19398	0.18456	0
48	4.05302	0.187742	0
49	3.98633	0.189306	0
50	3.97835	0.189496	0
51	4.02535	0.188386	0
52	4.03298	0.188208	0
53	3.90916	0.191165	0
54	3.88303	0.191808	0
55	3.88303	0.191808	0
56	3.8889	0.191663	0
57	3.93183	0.190614	0
58	3.83792	0.192931	0
59	3.74107	0.195413	0
60	3.8224	0.193323	0
61	3.85015	0.192625	0
62	3.9402	0.190411	0
63	3.91773	0.190956	0
64	4.07024	0.187345	0
65	4.10853	0.18647	0
66	4.16777	0.18514	0
67	4.05302	0.187742	0
68	4.0629	0.187514	0
69	4.12944	0.185997	0
70	4.22787	0.183819	0
71	4.08478	0.187011	0
72	4.05302	0.187742	0
73	3.95399	0.190079	0
74	4.00993	0.188748	0
75	4.00212	0.188932	0
76	3.88303	0.191808	0
77	3.80029	0.193884	0
78	3.75787	0.194976	0
79	3.80348	0.193803	0
80	3.91773	0.190956	0
81	3.92338	0.190819	0
82	3.86222	0.192323	0
83	3.87418	0.192027	0
84	3.9402	0.190411	0
85	4.03298	0.188208	0
86	4.01252	0.188687	0
87	4.00993	0.188748	0
88	3.94296	0.190344	0
89	4.06781	0.1874	0
90	4.10382	0.186577	0
91	4.0355	0.188149	0
92	3.95946	0.189947	0
93	3.9402	0.190411	0
94	3.87714	0.191953	0
95	4.10617	0.186523	0
96	4.20256	0.184372	0
97	4.17878	0.184896	0
98	4.21529	0.184093	0
99	4.18313	0.184799	0
100	4.3438	0.181349	0
101	4.47571	0.178657	0
102	4.43422	0.179491	0
103	4.50298	0.178115	0
104	4.79933	0.172528	0
105	5.06169	0.167998	0
106	5.21027	0.165585	0
107	5.22728	0.165315	0
108	5.20008	0.165747	0
109	5.23034	0.165267	0
110	5.20949	0.165597	0
111	5.09463	0.167454	0
112	4.86973	0.171277	0
113	4.68872	0.174552	0
114	4.64851	0.175305	0
115	4.69788	0.174381	0
116	4.66209	0.175049	0
117	4.57912	0.176628	0
118	4.56881	0.176827	0
119	4.54481	0.177294	0
120	4.56435	0.176914	0
121	4.54025	0.177383	0
122	4.54785	0.177234	0
123	4.59512	0.17632	0
124	4.66209	0.175049	0
125	4.66074	0.175075	0
126	4.70178	0.174309	0
127	4.81102	0.172319	0
128	4.9447	0.169973	0
129	5.0526	0.168149	0
130	5.13412	0.166809	0
131	5.25377	0.164898	0
132	5.26712	0.164689	0
133	5.2832	0.164438	0
134	5.31109	0.164006	0
135	5.3505	0.163401	0
136	5.38253	0.162914	0
137	5.41356	0.162446	0
138	5.36263	0.163216	0
139	5.35861	0.163277	0
140	5.35118	0.16339	0
141	5.36196	0.163226	0
142	5.35861	0.163277	0
143	5.32371	0.163811	0
144	5.26933	0.164654	0
145	5.35793	0.163287	0
146	5.39103	0.162785	0
147	5.40203	0.162619	0
148	5.35793	0.163287	0
149	5.36531	0.163175	0
150	5.39752	0.162687	0
151	5.47467	0.161537	0
152	5.45226	0.161869	0
153	5.46625	0.161661	0
154	5.46806	0.161635	0
155	5.49717	0.161206	0
156	5.49247	0.161275	0
157	5.50591	0.161078	0
158	5.45898	0.161769	0
159	5.58135	0.159986	0
160	5.60317	0.159674	0
161	5.60947	0.159584	0
162	5.64444	0.159089	0
163	5.68698	0.158493	0
164	5.72871	0.157915	0
165	5.71515	0.158102	0
166	5.76205	0.157457	0
167	5.79649	0.156989	0
168	5.85548	0.156196	0
169	5.85261	0.156234	0
170	5.90536	0.155535	0
171	5.99929	0.154312	0
172	6.1506	0.152403	0
173	6.20658	0.151714	0
174	6.25876	0.15108	0
175	6.29395	0.150657	0
176	6.37235	0.149727	0
177	6.52209	0.147999	0
178	6.62255	0.146872	0
179	6.74708	0.14551	0
180	6.85058	0.144407	0
181	6.99642	0.142894	0
182	7.04528	0.142397	0
183	7.10262	0.141821	0
184	7.16118	0.14124	0
185	7.26403	0.140237	0
186	7.42502	0.138708	0
187	7.4797	0.1382	0
188	7.51946	0.137834	0
189	7.53461	0.137696	0
190	7.56764	0.137395	0
191	7.61944	0.136927	0
192	7.63129	0.136821	0
193	7.61642	0.136954	0
194	7.67362	0.136443	0
195	7.6691	0.136483	0
196	7.69015	0.136296	0
197	7.6778	0.136406	0
198	7.64867	0.136665	0
199	7.68963	0.136301	0
200	7.72697	0.135971	0
201	7.77923	0.135514	0
202	7.81319	0.135219	0
203	7.84379	0.134955	0
204	7.9416	0.134121	0
205	8.06099	0.133124	0
206	8.16447	0.132278	0
207	8.23907	0.131678	0
208	8.4062	0.130362	0
209	8.4704	0.129867	0
210	8.50755	0.129583	0
211	8.54133	0.129327	0
212	8.64383	0.128558	0
213	8.74444	0.127816	0
214	8.8383	0.127135	0
215	8.88852	0.126776	0
216	8.96594	0.126227	0
217	9.00094	0.125982	0
218	9.06517	0.125535	0
219	9.12383	0.12513	0
220	9.20497	0.124578	0
221	9.26665	0.124162	0
222	9.32126	0.123798	0
223	9.3682	0.123487	0
224	9.39518	0.12331	0
225	9.42093	0.123141	0
226	9.46262	0.12287	0
227	9.4403	0.123015	0
228	9.42779	0.123097	0
229	9.40861	0.123222	0
230	9.39629	0.123303	0
231	9.38725	0.123362	0
232	9.37496	0.123443	0
233	9.33069	0.123735	0
234	9.36494	0.123509	0
235	9.36706	0.123495	0
236	9.34167	0.123663	0
237	9.29413	0.123979	0
238	9.25482	0.124242	0
239	9.15581	0.124912	0
240	9.16497	0.124849	0
241	9.05767	0.125586	0
242	8.96426	0.126239	0
243	8.88447	0.126805	0
244	8.81218	0.127324	0
245	8.77489	0.127594	0
246	8.84015	0.127122	0
247	8.64795	0.128527	0
248	8.55858	0.129196	0
249	8.51948	0.129492	0
250	8.47438	0.129837	0
251	8.44373	0.130072	0
252	8.43216	0.130161	0
253	8.39954	0.130414	0
254	8.45121	0.130014	0
255	8.36074	0.130716	0
256	8.35518	0.130759	0
257	8.30897	0.131123	0
258	8.29044	0.131269	0
259	8.27458	0.131395	0
260	8.24501	0.13163	0
261	8.21763	0.131849	0
262	8.28785	0.131289	0
263	8.22543	0.131787	0
264	8.23604	0.131702	0
265	8.2017	0.131977	0
266	8.26175	0.131497	0
267	8.12033	0.132637	0
