Input	../Output/Countries/DEU.dat
Flat	no	Result	f(y)~beta0+beta1*y
Regression	asymptotic	c	2	Include	left
Range	0	18
beta0	3.83341	error	0.0766294
beta1	0.23954	error	0.00665448

X	Y	Error	Weight
0	3.51366	0.201637	1
1	4.13174	0.185945	1
2	4.48703	0.178432	1
3	4.63334	0.175592	1
4	4.86753	0.171315	1
5	4.9787	0.169392	1
6	5.19375	0.165848	1
7	5.46019	0.161751	1
8	5.42935	0.16221	1
9	6.06212	0.153511	1
10	6.29315	0.150667	1
11	6.52104	0.14801	1
12	6.76948	0.145269	1
13	7.01597	0.142694	1
14	7.30548	0.139838	1
15	7.54524	0.137599	1
16	7.74519	0.135811	1
17	7.83133	0.135062	1
18	7.91038	0.134385	1
19	8.04302	0.133273	0
20	8.12854	0.13257	0
21	8.18056	0.132148	0
22	8.31588	0.131068	0
23	8.39657	0.130437	0
24	8.53087	0.129406	0
25	8.57874	0.129044	0
26	8.59492	0.128923	0
27	8.62083	0.128729	0
28	8.66436	0.128405	0
29	8.6719	0.128349	0
30	8.6579	0.128453	0
31	8.60983	0.128811	0
32	8.60017	0.128884	0
33	8.55886	0.129194	0
34	8.54133	0.129327	0
35	8.52923	0.129418	0
36	8.47001	0.12987	0
37	8.39622	0.130439	0
38	8.32278	0.131014	0
39	8.2844	0.131317	0
40	8.24643	0.131619	0
41	8.12715	0.132581	0
42	8.0279	0.133398	0
43	7.93313	0.134193	0
44	7.91811	0.13432	0
45	7.87604	0.134678	0
46	7.81428	0.135209	0
47	7.79465	0.135379	0
48	7.79105	0.135411	0
49	7.72785	0.135963	0
50	7.69822	0.136225	0
51	7.57206	0.137355	0
52	7.53986	0.137648	0
53	7.49443	0.138064	0
54	7.42084	0.138747	0
55	7.41466	0.138805	0
56	7.34978	0.139416	0
57	7.25236	0.14035	0
58	7.1677	0.141176	0
59	7.09649	0.141883	0
60	7.02795	0.142573	0
61	6.96251	0.143241	0
62	6.92124	0.143668	0
63	6.85239	0.144388	0
64	6.82142	0.144715	0
65	6.83534	0.144568	0
66	6.8114	0.144821	0
67	6.78881	0.145062	0
68	6.82189	0.14471	0
69	6.78057	0.14515	0
70	6.74288	0.145555	0
71	6.58084	0.147337	0
72	6.49764	0.148277	0
73	6.44979	0.148826	0
74	6.4637	0.148666	0
75	6.34187	0.150087	0
76	6.48942	0.148371	0
77	6.43775	0.148965	0
78	6.47543	0.148531	0
79	6.4608	0.148699	0
80	6.40499	0.149345	0
81	6.33784	0.150134	0
82	6.36032	0.149869	0
83	6.19207	0.151891	0
84	6.07731	0.153319	0
85	6.11715	0.152819	0
86	6.12874	0.152674	0
87	6.12593	0.152709	0
88	6.08742	0.153191	0
89	6.05846	0.153557	0
90	5.94729	0.154986	0
91	5.9162	0.155392	0
92	5.78427	0.157155	0
93	5.65599	0.158927	0
94	5.77765	0.157244	0
95	5.812	0.156779	0
96	5.88412	0.155815	0
97	5.92769	0.155242	0
98	5.83773	0.156433	0
99	5.7589	0.1575	0
100	5.79562	0.157	0
101	5.55903	0.160307	0
102	5.53169	0.160702	0
103	5.41483	0.162427	0
104	5.51917	0.160884	0
105	5.69518	0.158379	0
106	6.1016	0.153013	0
107	6.0845	0.153228	0
108	6.1865	0.15196	0
109	6.28467	0.150768	0
110	6.36941	0.149762	0
111	6.40357	0.149362	0
112	6.41275	0.149255	0
113	6.22992	0.151429	0
114	6.28013	0.150823	0
115	6.29368	0.15066	0
116	6.19178	0.151895	0
117	6.14786	0.152437	0
118	6.03957	0.153797	0
119	6.06776	0.153439	0
120	6.06013	0.153536	0
121	5.97126	0.154674	0
122	5.9698	0.154693	0
123	6.00212	0.154276	0
124	6.06776	0.153439	0
125	6.03514	0.153853	0
126	5.9936	0.154386	0
127	5.92921	0.155222	0
128	5.89872	0.155622	0
129	5.88253	0.155836	0
130	5.83565	0.156461	0
131	5.71137	0.158154	0
132	5.70995	0.158174	0
133	5.7462	0.157674	0
134	5.85752	0.156169	0
135	5.9599	0.154822	0
136	5.96137	0.154802	0
137	5.99716	0.15434	0
138	6.10766	0.152937	0
139	6.14388	0.152486	0
140	6.18149	0.152021	0
141	6.1947	0.151859	0
142	6.23665	0.151348	0
143	6.31044	0.15046	0
144	6.33099	0.150216	0
145	6.29342	0.150663	0
146	6.34564	0.150042	0
147	6.41346	0.149247	0
148	6.49957	0.148255	0
149	6.52545	0.14796	0
150	6.51514	0.148078	0
151	6.47763	0.148506	0
152	6.57108	0.147446	0
153	6.59519	0.147176	0
154	6.6787	0.146253	0
155	6.66732	0.146378	0
156	6.71919	0.145812	0
157	6.73646	0.145625	0
158	6.76487	0.145319	0
159	6.81767	0.144755	0
160	6.86574	0.144247	0
161	6.8708	0.144194	0
162	6.94174	0.143455	0
163	6.98933	0.142966	0
164	6.98802	0.14298	0
165	7.00553	0.142801	0
166	7.065	0.142198	0
167	7.11128	0.141735	0
168	7.14192	0.141431	0
169	7.16029	0.141249	0
170	7.18517	0.141004	0
171	7.19968	0.140862	0
172	7.21177	0.140744	0
173	7.20489	0.140811	0
174	7.20923	0.140769	0
175	7.19229	0.140935	0
176	7.1896	0.140961	0
177	7.16979	0.141155	0
178	7.15618	0.14129	0
179	7.13785	0.141471	0
180	7.12287	0.14162	0
181	7.09388	0.141909	0
182	7.0902	0.141946	0
183	7.07436	0.142104	0
184	7.06072	0.142242	0
185	7.06878	0.14216	0
186	7.09281	0.141919	0
187	7.13932	0.141456	0
188	7.15261	0.141325	0
189	7.16151	0.141237	0
190	7.19283	0.140929	0
191	7.20807	0.14078	0
192	7.24003	0.140469	0
193	7.26533	0.140224	0
194	7.22319	0.140633	0
195	7.27011	0.140178	0
196	7.30711	0.139823	0
197	7.35052	0.139409	0
198	7.40524	0.138893	0
199	7.45629	0.138417	0
200	7.46557	0.138331	0
201	7.47453	0.138248	0
202	7.47938	0.138203	0
203	7.45967	0.138386	0
204	7.47128	0.138278	0
205	7.48477	0.138153	0
206	7.45455	0.138433	0
207	7.47744	0.138221	0
208	7.53224	0.137717	0
209	7.53132	0.137726	0
210	7.59287	0.137166	0
211	7.61459	0.136971	0
212	7.6471	0.136679	0
213	7.66996	0.136475	0
214	7.68537	0.136338	0
215	7.73705	0.135882	0
216	7.77462	0.135554	0
217	7.86458	0.134776	0
218	7.97748	0.133819	0
219	8.05837	0.133146	0
220	8.11612	0.132671	0
221	8.1701	0.132232	0
222	8.30035	0.131191	0
223	8.36926	0.130649	0
224	8.4689	0.129879	0
225	8.54996	0.129261	0
226	8.63325	0.128636	0
227	8.68031	0.128287	0
228	8.7081	0.128082	0
229	8.75098	0.127768	0
230	8.8388	0.127132	0
231	8.94031	0.126408	0
232	8.9086	0.126633	0
233	9.01446	0.125887	0
234	9.10726	0.125244	0
235	9.19634	0.124636	0
236	9.2549	0.124241	0
237	9.31635	0.123831	0
238	9.36489	0.123509	0
239	9.51023	0.122562	0
240	9.57087	0.122173	0
241	9.60606	0.121949	0
242	9.63138	0.121789	0
243	9.74382	0.121084	0
244	9.69551	0.121385	0
245	9.82158	0.120604	0
246	9.85083	0.120424	0
247	9.87638	0.120269	0
248	9.87688	0.120266	0
249	9.89111	0.120179	0
250	9.74556	0.121073	0
251	9.89316	0.120166	0
252	9.8254	0.12058	0
253	9.84207	0.120478	0
254	9.83781	0.120504	0
255	9.84176	0.12048	0
256	9.75202	0.121033	0
257	9.81684	0.120633	0
258	9.81438	0.120648	0
259	9.82468	0.120585	0
260	9.81927	0.120618	0
261	9.82185	0.120602	0
262	9.81588	0.120639	0
263	9.82492	0.120583	0
264	9.82395	0.120589	0
265	9.74462	0.121079	0
266	9.81696	0.120632	0
267	9.80054	0.120733	0
268	9.7864	0.12082	0
269	9.78618	0.120822	0
270	9.77666	0.12088	0
271	9.77476	0.120892	0
272	9.84075	0.120486	0
273	9.76647	0.120943	0
274	9.77982	0.120861	0
275	9.73983	0.121109	0
276	9.83816	0.120502	0
277	9.8953	0.120153	0
278	9.8301	0.120551	0
