Input	../Output/Countries/HND.dat
Flat	no	Result	f(y)~beta0+beta1*y
Regression	asymptotic	c	2	Include	left
Range	0	71
beta0	4.0108	error	0.0407341
beta1	0.0406207	error	0.000928568

X	Y	Error	Weight
0	3.48342	0.202511	1
1	3.58352	0.199662	1
2	3.4154	0.204517	1
3	4.00212	0.188932	1
4	4.11322	0.186363	1
5	4.30213	0.182226	1
6	4.39621	0.180265	1
7	4.6375	0.175513	1
8	4.87192	0.171238	1
9	4.92829	0.170256	1
10	4.7634	0.173178	1
11	4.8752	0.171181	1
12	4.88063	0.171085	1
13	4.75112	0.173402	1
14	4.73118	0.173767	1
15	4.50457	0.178084	1
16	4.58934	0.176431	1
17	4.65396	0.175202	1
18	4.56732	0.176856	1
19	4.60231	0.176183	1
20	4.82831	0.17201	1
21	4.60517	0.176128	1
22	4.8408	0.171788	1
23	4.9787	0.169392	1
24	4.86973	0.171277	1
25	5.22728	0.165315	1
26	5.29187	0.164303	1
27	5.33064	0.163705	1
28	5.48361	0.161405	1
29	5.39881	0.162668	1
30	5.20479	0.165672	1
31	5.44242	0.162015	1
32	5.18659	0.165963	1
33	5.12141	0.167015	1
34	5.08052	0.167686	1
35	5.01063	0.168851	1
36	5.08229	0.167657	1
37	5.15988	0.166392	1
38	5.02105	0.168676	1
39	5.07963	0.167701	1
40	5.04619	0.168255	1
41	5.30402	0.164115	1
42	5.47467	0.161537	1
43	5.5435	0.160531	1
44	5.73241	0.157864	1
45	5.79475	0.157012	1
46	5.89046	0.155731	1
47	5.96541	0.15475	1
48	5.96284	0.154783	1
49	6.03991	0.153793	1
50	6.08352	0.15324	1
51	6.1016	0.153013	1
52	6.31018	0.150463	1
53	6.32564	0.150279	1
54	6.39168	0.149501	1
55	6.41743	0.149201	1
56	6.41393	0.149241	1
57	6.49375	0.148321	1
58	6.51704	0.148056	1
59	6.50962	0.14814	1
60	6.632	0.146767	1
61	6.65966	0.146462	1
62	6.68729	0.146159	1
63	6.70073	0.146012	1
64	6.71174	0.145893	1
65	6.77373	0.145224	1
66	6.73917	0.145595	1
67	6.73017	0.145693	1
68	6.72777	0.145719	1
69	6.7317	0.145676	1
70	6.70511	0.145965	1
71	6.62274	0.14687	1
72	6.5586	0.147586	0
73	6.50129	0.148235	0
74	6.38423	0.149588	0
75	6.32641	0.15027	0
76	6.26422	0.151014	0
77	6.36254	0.149843	0
78	6.46214	0.148684	0
79	6.5077	0.148162	0
80	6.61242	0.146984	0
81	6.71017	0.14591	0
82	6.75892	0.145383	0
83	6.79267	0.145021	0
84	6.76454	0.145322	0
85	6.75942	0.145377	0
86	6.72211	0.14578	0
87	6.69262	0.146101	0
88	6.65581	0.146504	0
89	6.59695	0.147156	0
90	6.59402	0.147189	0
91	6.53917	0.147805	0
92	6.47124	0.148579	0
93	6.45587	0.148756	0
94	6.40806	0.14931	0
95	6.32819	0.150249	0
96	6.3613	0.149857	0
97	6.30706	0.1505	0
98	6.38592	0.149568	0
99	6.42718	0.149087	0
100	6.43225	0.149029	0
101	6.41767	0.149198	0
102	6.41041	0.149282	0
103	6.36745	0.149785	0
104	6.37381	0.14971	0
105	6.23133	0.151412	0
106	6.15182	0.152387	0
107	6.09389	0.15311	0
108	6.06246	0.153506	0
109	6.07633	0.153331	0
110	6.10064	0.153025	0
111	6.14572	0.152463	0
112	6.2541	0.151136	0
113	6.29077	0.150695	0
114	6.32641	0.15027	0
115	6.34914	0.150001	0
116	6.35039	0.149986	0
117	6.46236	0.148681	0
118	6.3986	0.14942	0
119	6.43225	0.149029	0
120	6.54082	0.147786	0
121	6.6536	0.146529	0
122	6.69562	0.146068	0
123	6.6958	0.146066	0
124	6.67294	0.146316	0
125	6.73544	0.145636	0
126	6.73289	0.145663	0
127	6.66459	0.146408	0
128	6.56888	0.147471	0
129	6.5109	0.148126	0
130	6.48573	0.148413	0
131	6.29685	0.150622	0
132	6.19993	0.151795	0
133	6.08385	0.153236	0
134	5.93414	0.155157	0
135	5.77322	0.157305	0
136	5.98573	0.154487	0
137	6.06876	0.153427	0
138	6.29842	0.150603	0
139	6.18621	0.151963	0
140	6.36377	0.149828	0
141	6.42464	0.149117	0
142	6.47961	0.148483	0
143	6.34989	0.149992	0
144	6.30393	0.150538	0
145	6.20167	0.151774	0
146	6.26639	0.150988	0
147	6.06544	0.153469	0
148	6.0845	0.153228	0
149	6.13402	0.152608	0
150	6.18709	0.151952	0
151	6.03753	0.153823	0
152	6.20369	0.151749	0
153	6.29474	0.150648	0
154	6.40286	0.14937	0
155	6.44459	0.148886	0
156	6.45002	0.148823	0
157	6.40641	0.149329	0
158	6.58735	0.147264	0
159	6.46214	0.148684	0
160	6.48004	0.148478	0
161	6.37673	0.149676	0
162	6.36647	0.149796	0
163	6.4165	0.149211	0
164	6.43386	0.14901	0
165	6.4552	0.148763	0
166	6.44186	0.148917	0
167	6.39454	0.149467	0
168	6.45295	0.148789	0
169	6.44731	0.148854	0
170	6.3823	0.149611	0
171	6.4543	0.148774	0
172	6.43064	0.149047	0
173	6.56486	0.147516	0
174	6.64453	0.146629	0
175	6.68818	0.146149	0
176	6.65194	0.146547	0
177	6.5342	0.147861	0
178	6.59695	0.147156	0
179	6.52817	0.14793	0
180	6.48463	0.148425	0
181	6.4414	0.148923	0
182	6.37794	0.149662	0
183	6.49678	0.148287	0
184	6.64435	0.146631	0
185	6.38832	0.14954	0
186	6.57088	0.147448	0
187	6.45227	0.148797	0
188	6.36426	0.149823	0
189	6.32921	0.150237	0
190	6.12406	0.152732	0
191	5.95064	0.154942	0
192	6.1102	0.152906	0
193	5.56562	0.160212	0
194	5.73565	0.157819	0
195	5.71137	0.158154	0
196	5.67724	0.158629	0
197	5.71373	0.158122	0
198	5.87933	0.155879	0
199	5.88372	0.155821	0
200	6.08059	0.153277	0
201	5.94242	0.155049	0
202	5.94915	0.154961	0
203	5.80298	0.156901	0
204	5.66494	0.158801	0
205	5.34847	0.163432	0
206	5.59312	0.159817	0
207	5.24928	0.164969	0
208	5.64089	0.159139	0
209	5.50591	0.161078	0
210	5.92807	0.155237	0
211	6.12281	0.152748	0
212	6.23804	0.151331	0
213	6.08613	0.153208	0
214	6.20109	0.151781	0
215	6.07436	0.153356	0
216	6.07436	0.153356	0
217	6.06975	0.153414	0
218	6.08645	0.153204	0
219	5.92731	0.155247	0
220	5.85671	0.15618	0
221	6.10447	0.152977	0
222	5.98069	0.154552	0
