Input	../Output/Countries/HTI.dat
Flat	no	Result	f(y)~beta0+beta1*y
Regression	asymptotic	c	2	Include	left
Range	0	196
beta0	5.03463	error	0.0266304
beta1	-0.0174472	error	0.000272238

X	Y	Error	Weight
0	3.66722	0.197371	1
1	3.83484	0.193009	1
2	3.83484	0.193009	1
3	3.94573	0.190277	1
4	4.18749	0.184703	1
5	4.27269	0.182852	1
6	4.28261	0.18264	1
7	4.06781	0.1874	1
8	4.10617	0.186523	1
9	4.51712	0.177836	1
10	4.63889	0.175487	1
11	4.42741	0.179629	1
12	4.70308	0.174285	1
13	4.96184	0.16968	1
14	5.19216	0.165873	1
15	5.19929	0.16576	1
16	5.01254	0.168819	1
17	5.13327	0.166822	1
18	5.23947	0.165123	1
19	5.10681	0.167254	1
20	5.14999	0.166551	1
21	5.15247	0.166511	1
22	5.2334	0.165219	1
23	5.32371	0.163811	1
24	5.21571	0.165499	1
25	5.22498	0.165352	1
26	5.145	0.166632	1
27	5.05077	0.168179	1
28	4.77672	0.172936	1
29	4.85981	0.171451	1
30	4.83968	0.171808	1
31	4.84756	0.171668	1
32	4.93653	0.170114	1
33	5.00011	0.169029	1
34	4.86973	0.171277	1
35	4.86973	0.171277	1
36	4.70048	0.174333	1
37	4.70953	0.174166	1
38	4.66209	0.175049	1
39	4.49503	0.178273	1
40	4.66344	0.175024	1
41	4.60517	0.176128	1
42	4.60517	0.176128	1
43	4.63612	0.175539	1
44	4.5326	0.177532	1
45	4.46919	0.178787	1
46	4.37845	0.18063	1
47	4.28456	0.182599	1
48	4.30213	0.182226	1
49	4.37486	0.180704	1
50	4.1363	0.185842	1
51	4.17878	0.184896	1
52	4.1544	0.185437	1
53	4.00733	0.188809	1
54	4.01252	0.188687	1
55	4.0355	0.188149	1
56	4.03045	0.188267	1
57	3.92902	0.190682	1
58	3.74107	0.195413	1
59	3.89764	0.191448	1
60	4.18966	0.184655	1
61	3.93463	0.190546	1
62	3.94849	0.190211	1
63	3.84098	0.192855	1
64	3.84098	0.192855	1
65	3.97567	0.18956	1
66	3.8712	0.1921	1
67	3.57153	0.199997	1
68	3.70657	0.19632	1
69	3.55125	0.200567	1
70	3.62245	0.198587	1
71	3.71357	0.196135	1
72	3.53474	0.201035	1
73	3.40595	0.204801	1
74	3.42472	0.204239	1
75	3.15397	0.212825	1
76	3.19577	0.211428	1
77	3.08452	0.215207	1
78	3.19577	0.211428	1
79	3.19577	0.211428	1
80	3.16607	0.212418	1
81	3.1899	0.211623	1
82	3.21888	0.210668	1
83	3.01695	0.217604	1
84	3.16607	0.212418	1
85	2.86625	0.223251	1
86	2.98133	0.2189	1
87	3.34741	0.206584	1
88	3.34741	0.206584	1
89	3.40595	0.204801	1
90	3.44773	0.203556	1
91	3.55535	0.200452	1
92	3.62623	0.198483	1
93	3.65989	0.197568	1
94	3.38198	0.205525	1
95	3.42936	0.204101	1
96	3.38198	0.205525	1
97	3.44317	0.203691	1
98	3.3673	0.205973	1
99	3.4154	0.204517	1
100	3.30637	0.207862	1
101	3.20737	0.211046	1
102	3.09104	0.21498	1
103	3.03081	0.217106	1
104	2.87435	0.222936	1
105	2.89829	0.222014	1
106	2.79031	0.226269	1
107	2.82477	0.224885	1
108	2.96677	0.219437	1
109	3.06474	0.215901	1
110	3.16002	0.212621	1
111	3.14169	0.21324	1
112	3.07135	0.215668	1
113	3.07796	0.215437	1
114	3.03769	0.21686	1
115	2.89037	0.222318	1
116	2.90614	0.221714	1
117	2.92927	0.220837	1
118	3.00993	0.217858	1
119	2.94444	0.220267	1
120	2.86625	0.223251	1
121	3.09104	0.21498	1
122	3.11036	0.214312	1
123	2.89829	0.222014	1
124	3.01695	0.217604	1
125	2.85813	0.223568	1
126	2.89037	0.222318	1
127	2.8824	0.222625	1
128	2.6888	0.2305	1
129	2.70805	0.22968	1
130	2.77259	0.226991	1
131	2.48491	0.239771	1
132	2.86625	0.223251	1
133	2.8499	0.223891	1
134	2.80765	0.225569	1
135	2.72694	0.228883	1
136	2.84159	0.224218	1
137	2.78149	0.226627	1
138	2.73625	0.228493	1
139	2.53139	0.237559	1
140	2.42356	0.242786	1
141	2.52003	0.238094	1
142	2.63906	0.232663	1
143	2.33078	0.247571	1
144	2.34459	0.246841	1
145	2.18121	0.255919	1
146	1.94591	0.27095	1
147	2.19722	0.254984	1
148	2.06141	0.263251	1
149	1.94591	0.27095	1
150	2.30259	0.249082	1
151	2.31678	0.248318	1
152	2.31678	0.248318	1
153	2.61842	0.233578	1
154	2.46079	0.240943	1
155	2.59742	0.23452	1
156	2.5427	0.23703	1
157	2.31678	0.248318	1
158	2.46079	0.240943	1
159	2.55389	0.23651	1
160	2.13168	0.258875	1
161	2.18121	0.255919	1
162	1.96613	0.269553	1
163	2.21299	0.254075	1
164	2.25874	0.251488	1
165	1.96613	0.269553	1
166	1.79176	0.282365	1
167	1.79176	0.282365	1
168	1.48817	0.30983	1
169	1.48817	0.30983	1
170	0.88748	0.40121	1
171	2.04304	0.264431	1
172	2.00539	0.266902	1
173	2.30259	0.249082	1
174	2.30259	0.249082	1
175	2.30259	0.249082	1
176	2.43615	0.242158	1
177	2.43615	0.242158	1
178	2.00539	0.266902	1
179	1.98595	0.268205	1
180	1.76764	0.284285	1
181	1.76764	0.284285	1
182	1.76764	0.284285	1
183	1.98595	0.268205	1
184	2.04304	0.264431	1
185	1.71758	0.288399	1
186	1.92527	0.272399	1
187	1.81531	0.280527	1
188	1.88267	0.275464	1
189	1.88267	0.275464	1
190	1.63764	0.295354	1
191	1.69175	0.290591	1
192	2.09716	0.260997	1
193	1.92527	0.272399	1
194	2.02433	0.265651	1
195	2.11457	0.25992	1
196	2.11457	0.25992	1
197	2.30259	0.249082	0
198	2.25874	0.251488	0
199	2.22851	0.253188	0
200	2.37155	0.245434	0
201	2.47292	0.240351	0
202	2.63906	0.232663	0
203	2.63906	0.232663	0
204	2.70805	0.22968	0
