Input	../Output/Countries/IDN.dat
Flat	no	Result	f(y)~beta0+beta1*y
Regression	asymptotic	c	2	Include	left
Range	0	129
beta0	4.74217	error	0.0286301
beta1	0.0232299	error	0.000362468

X	Y	Error	Weight
0	3.6781	0.197079	1
1	3.75787	0.194976	1
2	3.92338	0.190819	1
3	4.03802	0.18809	1
4	4.15216	0.185487	1
5	4.29632	0.182349	1
6	4.38737	0.180447	1
7	4.42056	0.179768	1
8	4.57176	0.17677	1
9	4.61228	0.175992	1
10	4.70178	0.174309	1
11	4.78152	0.172849	1
12	4.78987	0.172699	1
13	4.84193	0.171768	1
14	4.85315	0.171569	1
15	4.89997	0.170747	1
16	4.89677	0.170803	1
17	4.94977	0.169886	1
18	5.03602	0.168425	1
19	5.15247	0.166511	1
20	5.20792	0.165622	1
21	5.36931	0.163114	1
22	5.3845	0.162884	1
23	5.52146	0.160851	1
24	5.63886	0.159168	1
25	5.68746	0.158486	1
26	5.70426	0.158253	1
27	5.74117	0.157743	1
28	5.7607	0.157476	1
29	5.84189	0.156378	1
30	5.83981	0.156405	1
31	5.80943	0.156814	1
32	5.75166	0.157599	1
33	5.79301	0.157036	1
34	5.7869	0.157119	1
35	5.77677	0.157256	1
36	5.78952	0.157083	1
37	5.82008	0.15667	1
38	5.79779	0.156971	1
39	5.81028	0.156802	1
40	5.82726	0.156574	1
41	5.81754	0.156704	1
42	5.81328	0.156762	1
43	5.812	0.156779	1
44	5.76654	0.157396	1
45	5.79909	0.156953	1
46	5.87453	0.155942	1
47	5.90185	0.155581	1
48	5.9428	0.155044	1
49	5.93942	0.155088	1
50	5.90224	0.155576	1
51	5.99218	0.154404	1
52	6.00565	0.154231	1
53	5.94691	0.154991	1
54	5.94691	0.154991	1
55	6.06046	0.153532	1
56	6.13433	0.152605	1
57	6.1809	0.152028	1
58	6.17972	0.152043	1
59	6.20945	0.151679	1
60	6.28227	0.150797	1
61	6.2828	0.150791	1
62	6.28387	0.150778	1
63	6.3864	0.149563	1
64	6.42046	0.149165	1
65	6.51365	0.148094	1
66	6.52146	0.148006	1
67	6.51788	0.148046	1
68	6.50279	0.148218	1
69	6.50129	0.148235	1
70	6.43798	0.148962	1
71	6.44799	0.148847	1
72	6.35512	0.14993	1
73	6.39741	0.149434	1
74	6.39454	0.149467	1
75	6.43981	0.148941	1
76	6.43935	0.148946	1
77	6.4158	0.14922	1
78	6.42162	0.149152	1
79	6.51809	0.148044	1
80	6.51217	0.148111	1
81	6.58971	0.147237	1
82	6.67149	0.146332	1
83	6.76734	0.145292	1
84	6.8301	0.144623	1
85	6.89119	0.143981	1
86	6.89424	0.143949	1
87	6.92067	0.143674	1
88	6.94436	0.143428	1
89	6.953	0.143339	1
90	6.92405	0.143638	1
91	6.97234	0.14314	1
92	6.96292	0.143237	1
93	6.99118	0.142947	1
94	6.99183	0.142941	1
95	6.98353	0.143026	1
96	6.97621	0.1431	1
97	6.98709	0.142989	1
98	6.9667	0.143198	1
99	6.99315	0.142927	1
100	7.01379	0.142717	1
101	7.05605	0.142289	1
102	7.0717	0.142131	1
103	7.10062	0.141841	1
104	7.13216	0.141527	1
105	7.18181	0.141037	1
106	7.18841	0.140973	1
107	7.19508	0.140907	1
108	7.23798	0.140489	1
109	7.25094	0.140363	1
110	7.2484	0.140388	1
111	7.29486	0.13994	1
112	7.39036	0.139033	1
113	7.41732	0.13878	1
114	7.43636	0.138602	1
115	7.44258	0.138545	1
116	7.44867	0.138488	1
117	7.47518	0.138242	1
118	7.448	0.138494	1
119	7.35354	0.139381	1
120	7.33982	0.139511	1
121	7.3473	0.13944	1
122	7.34343	0.139477	1
123	7.3807	0.139124	1
124	7.38638	0.139071	1
125	7.41775	0.138776	1
126	7.44583	0.138514	1
127	7.47047	0.138286	1
128	7.47986	0.138199	1
129	7.46794	0.138309	1
130	7.45414	0.138437	0
131	7.46181	0.138366	0
132	7.50195	0.137995	0
133	7.50179	0.137997	0
134	7.52356	0.137797	0
135	7.4995	0.138018	0
136	7.50163	0.137998	0
137	7.51371	0.137887	0
138	7.52718	0.137764	0
139	7.48268	0.138173	0
140	7.48091	0.138189	0
141	7.51519	0.137874	0
142	7.56949	0.137378	0
143	7.59668	0.137132	0
144	7.59725	0.137127	0
145	7.5807	0.137277	0
146	7.58991	0.137193	0
147	7.60539	0.137054	0
148	7.59352	0.137161	0
149	7.5984	0.137117	0
150	7.61177	0.136996	0
151	7.6212	0.136911	0
152	7.61979	0.136924	0
153	7.61699	0.136949	0
154	7.62873	0.136844	0
155	7.62106	0.136913	0
156	7.60304	0.137075	0
157	7.5999	0.137103	0
158	7.6039	0.137067	0
159	7.65755	0.136586	0
160	7.68446	0.136347	0
161	7.71378	0.136087	0
162	7.76393	0.135647	0
163	7.83524	0.135028	0
164	7.88059	0.134639	0
165	7.92629	0.134251	0
166	7.94307	0.134109	0
167	7.98134	0.133787	0
168	8.02449	0.133427	0
169	8.03685	0.133324	0
170	8.0285	0.133393	0
171	8.05543	0.13317	0
172	8.06162	0.133119	0
173	8.07376	0.133019	0
174	8.08403	0.132934	0
175	8.09451	0.132848	0
176	8.11471	0.132683	0
177	8.14327	0.13245	0
178	8.15121	0.132385	0
179	8.16191	0.132299	0
180	8.18052	0.132148	0
181	8.20643	0.131939	0
182	8.19758	0.13201	0
183	8.20362	0.131962	0
184	8.21767	0.131849	0
185	8.23119	0.131741	0
186	8.26979	0.131433	0
187	8.29022	0.131271	0
188	8.30806	0.13113	0
189	8.34264	0.130858	0
190	8.37385	0.130614	0
191	8.38454	0.13053	0
192	8.38078	0.13056	0
193	8.3587	0.130732	0
194	8.35639	0.13075	0
195	8.35029	0.130798	0
196	8.33464	0.13092	0
197	8.31714	0.131058	0
198	8.3	0.131193	0
199	8.30418	0.13116	0
200	8.30816	0.131129	0
201	8.31006	0.131114	0
202	8.31895	0.131044	0
203	8.34223	0.130861	0
204	8.33461	0.130921	0
205	8.3444	0.130844	0
206	8.36141	0.130711	0
207	8.34948	0.130804	0
208	8.3444	0.130844	0
209	8.33035	0.130954	0
210	8.31511	0.131074	0
211	8.32232	0.131017	0
212	8.32257	0.131015	0
213	8.30887	0.131123	0
214	8.31259	0.131094	0
215	8.30188	0.131179	0
216	8.30682	0.131139	0
217	8.30757	0.131134	0
218	8.30996	0.131115	0
219	8.3018	0.131179	0
220	8.2885	0.131284	0
221	8.28306	0.131327	0
222	8.28009	0.131351	0
223	8.27144	0.13142	0
224	8.23925	0.131676	0
225	8.18212	0.132135	0
226	8.14439	0.132441	0
227	8.10046	0.132799	0
228	8.07394	0.133017	0
229	8.04929	0.133221	0
230	8.01811	0.13348	0
231	8.04137	0.133286	0
232	8.08108	0.132959	0
233	8.12934	0.132563	0
234	8.178	0.132168	0
235	8.18738	0.132093	0
236	8.2189	0.131839	0
237	8.23472	0.131712	0
238	8.2388	0.13168	0
239	8.29978	0.131195	0
240	8.33502	0.130917	0
241	8.34274	0.130857	0
242	8.36567	0.130677	0
243	8.3666	0.13067	0
244	8.38291	0.130543	0
245	8.40313	0.130386	0
246	8.38203	0.13055	0
247	8.37303	0.13062	0
248	8.38137	0.130555	0
249	8.41063	0.130328	0
250	8.42279	0.130234	0
251	8.46186	0.129933	0
252	8.46545	0.129905	0
253	8.49615	0.12967	0
254	8.50832	0.129577	0
255	8.56184	0.129172	0
256	8.56661	0.129136	0
257	8.59079	0.128954	0
258	8.59076	0.128954	0
259	8.67844	0.128301	0
260	8.67783	0.128306	0
261	8.69254	0.128197	0
262	8.68826	0.128228	0
263	8.71527	0.12803	0
