Input	../Output/Countries/IRL.dat
Flat	no	Result	f(y)~beta0+beta1*y
Regression	asymptotic	c	2	Include	left
Range	0	31
beta0	4.40218	error	0.0589491
beta1	0.0820551	error	0.00309184

X	Y	Error	Weight
0	3.57153	0.199997	1
1	4.29632	0.182349	1
2	4.43928	0.179389	1
3	4.54025	0.177383	1
4	4.70953	0.174166	1
5	4.91685	0.170454	1
6	5.06259	0.167983	1
7	5.20243	0.16571	1
8	5.19454	0.165835	1
9	5.3251	0.16379	1
10	5.45043	0.161896	1
11	5.49775	0.161198	1
12	5.54126	0.160563	1
13	5.60685	0.159622	1
14	5.59471	0.159795	1
15	5.66988	0.158732	1
16	5.72824	0.157921	1
17	5.74529	0.157687	1
18	5.82852	0.156557	1
19	5.85956	0.156142	1
20	5.86768	0.156033	1
21	5.92769	0.155242	1
22	5.96431	0.154764	1
23	6.30105	0.150572	1
24	6.42603	0.149101	1
25	6.50108	0.148238	1
26	6.62634	0.14683	1
27	6.71452	0.145862	1
28	6.82949	0.14463	1
29	6.8635	0.144271	1
30	6.73527	0.145638	1
31	6.72486	0.14575	1
32	6.6839	0.146196	0
33	6.57228	0.147432	0
34	6.47939	0.148485	0
35	6.37867	0.149653	0
36	6.4288	0.149069	0
37	6.39788	0.149428	0
38	6.29764	0.150613	0
39	6.35089	0.14998	0
40	6.34714	0.150024	0
41	6.30654	0.150507	0
42	6.23777	0.151334	0
43	6.06212	0.153511	0
44	5.93603	0.155133	0
45	5.92311	0.155302	0
46	5.7701	0.157347	0
47	5.71515	0.158102	0
48	5.70664	0.15822	0
49	5.65249	0.158976	0
50	5.53452	0.160661	0
51	5.49717	0.161206	0
52	5.4218	0.162323	0
53	5.36062	0.163246	0
54	5.27153	0.16462	0
55	5.19216	0.165873	0
56	5.10421	0.167296	0
57	5.32788	0.163747	0
58	5.30898	0.164038	0
59	5.21494	0.165511	0
60	5.0716	0.167833	0
61	5.02482	0.168613	0
62	4.97081	0.169526	0
63	4.87192	0.171238	0
64	4.38914	0.18041	0
65	4.364	0.180929	0
66	4.33449	0.181544	0
67	4.32129	0.181821	0
68	4.26469	0.183024	0
69	4.23618	0.183639	0
70	4.2444	0.183461	0
71	4.16334	0.185238	0
72	3.96759	0.189753	0
73	3.90341	0.191306	0
74	3.91488	0.191026	0
75	3.95124	0.190145	0
76	3.85621	0.192473	0
77	3.78419	0.194296	0
78	3.7612	0.194889	0
79	3.71357	0.196135	0
80	3.59143	0.199442	0
81	3.40595	0.204801	0
82	3.03081	0.217106	0
83	3.05805	0.216137	0
84	2.84159	0.224218	0
85	2.61842	0.233578	0
86	2.52003	0.238094	0
87	2.77259	0.226991	0
88	2.67903	0.23092	0
89	2.79031	0.226269	0
90	2.83321	0.224549	0
91	2.75455	0.227733	0
92	2.81625	0.225225	0
93	2.82477	0.224885	0
94	2.42356	0.242786	0
95	2.38481	0.244751	0
96	2.18121	0.255919	0
97	2.09716	0.260997	0
98	2.06141	0.263251	0
99	1.96613	0.269553	0
100	1.88267	0.275464	0
101	2.19722	0.254984	0
102	2.14838	0.257867	0
103	2.42356	0.242786	0
104	2.46079	0.240943	0
105	2.4485	0.241547	0
106	2.48491	0.239771	0
107	2.48491	0.239771	0
108	2.33078	0.247571	0
109	2.53139	0.237559	0
110	2.28818	0.249865	0
111	2.22851	0.253188	0
112	2.22851	0.253188	0
113	2.38481	0.244751	0
114	2.56495	0.236	0
115	2.67903	0.23092	0
116	2.66924	0.231343	0
117	2.72694	0.228883	0
118	2.93688	0.22055	0
119	3.00286	0.218114	0
120	2.94444	0.220267	0
121	3.00286	0.218114	0
122	2.98856	0.218635	0
123	2.93688	0.22055	0
124	2.90614	0.221714	0
125	2.93688	0.22055	0
126	2.96677	0.219437	0
127	2.90614	0.221714	0
128	2.79905	0.225915	0
129	2.83321	0.224549	0
130	2.8499	0.223891	0
131	2.89037	0.222318	0
132	2.89829	0.222014	0
133	2.86625	0.223251	0
134	3.35738	0.206277	0
135	3.44773	0.203556	0
136	3.53474	0.201035	0
137	3.69245	0.196695	0
138	3.80984	0.193641	0
139	3.83484	0.193009	0
140	3.94296	0.190344	0
141	3.89764	0.191448	0
142	4.05797	0.187627	0
143	4.33636	0.181505	0
144	4.364	0.180929	0
145	4.38203	0.180557	0
146	4.36037	0.181004	0
147	4.33636	0.181505	0
148	4.37665	0.180668	0
149	4.31749	0.181901	0
150	4.35854	0.181042	0
151	4.35487	0.181119	0
152	4.35487	0.181119	0
153	4.60231	0.176183	0
154	4.61795	0.175884	0
155	4.67015	0.174898	0
156	4.6874	0.174576	0
157	4.62917	0.175671	0
158	4.62216	0.175804	0
159	4.74244	0.17356	0
160	4.60803	0.176073	0
161	4.7585	0.173267	0
162	4.70953	0.174166	0
163	4.76704	0.173112	0
164	4.75359	0.173356	0
165	4.72739	0.173836	0
166	4.598	0.176265	0
167	4.76826	0.17309	0
168	4.6755	0.174798	0
169	4.67815	0.174749	0
170	4.64026	0.175461	0
171	4.75605	0.173312	0
172	4.86973	0.171277	0
173	4.92414	0.170328	0
174	5.01538	0.168771	0
175	5.01063	0.168851	0
176	5.10508	0.167282	0
177	5.19929	0.16576	0
178	5.14083	0.1667	0
179	5.23416	0.165207	0
180	5.31109	0.164006	0
181	5.34643	0.163463	0
182	5.45349	0.16185	0
183	5.47047	0.161599	0
184	5.49247	0.161275	0
185	5.55407	0.160378	0
186	5.62865	0.159312	0
187	5.61885	0.159451	0
188	5.60106	0.159704	0
189	5.59099	0.159848	0
190	5.64039	0.159146	0
191	5.67675	0.158636	0
192	5.66593	0.158787	0
193	5.68309	0.158547	0
194	5.77544	0.157275	0
195	5.79301	0.157036	0
196	5.8701	0.156001	0
197	5.91851	0.155362	0
198	5.97272	0.154655	0
199	6.09582	0.153086	0
200	6.07436	0.153356	0
201	6.11621	0.15283	0
202	6.13525	0.152593	0
203	6.19411	0.151866	0
204	6.21146	0.151654	0
205	6.25383	0.15114	0
206	6.35957	0.149878	0
207	6.46503	0.14865	0
208	6.53088	0.147899	0
209	6.60781	0.147036	0
210	6.69509	0.146074	0
211	6.8092	0.144845	0
212	6.86753	0.144228	0
213	6.9026	0.143862	0
214	6.96791	0.143186	0
215	6.9955	0.142903	0
216	7.05334	0.142316	0
217	7.06341	0.142214	0
218	7.04714	0.142378	0
219	7.02032	0.14265	0
220	6.96737	0.143191	0
221	6.93119	0.143564	0
222	6.91827	0.143698	0
223	6.83534	0.144568	0
224	6.7556	0.145418	0
225	6.72332	0.145767	0
226	6.71936	0.14581	0
227	6.63857	0.146694	0
228	6.54576	0.147731	0
229	6.50578	0.148184	0
230	6.41603	0.149217	0
231	6.36032	0.149869	0
232	6.28333	0.150784	0
233	6.20859	0.151689	0
234	6.18533	0.151974	0
235	6.18326	0.151999	0
236	6.02965	0.153923	0
237	6.006	0.154226	0
238	5.97852	0.15458	0
239	5.91196	0.155448	0
240	5.90224	0.155576	0
241	5.9443	0.155025	0
242	5.88173	0.155847	0
243	5.95399	0.154898	0
244	5.99039	0.154427	0
245	5.99538	0.154363	0
246	6.006	0.154226	0
247	5.95621	0.15487	0
248	5.92387	0.155292	0
249	5.90107	0.155591	0
250	5.81839	0.156693	0
251	5.7701	0.157347	0
252	5.7175	0.158069	0
253	5.66544	0.158794	0
254	5.60212	0.159689	0
255	5.54908	0.16045	0
256	5.53846	0.160604	0
257	5.5678	0.16018	0
258	5.58671	0.159909	0
259	5.59259	0.159825	0
260	5.51227	0.160985	0
261	5.54518	0.160507	0
262	5.65799	0.158899	0
263	5.65749	0.158906	0
264	5.61625	0.159488	0
