Input	../Output/Countries/KWT.dat
Flat	no	Result	f(y)~beta0+beta1*y
Regression	asymptotic	c	2	Include	left
Range	0	50
beta0	3.77576	error	0.0487793
beta1	0.066279	error	0.00156225

X	Y	Error	Weight
0	3.55125	0.200567	1
1	3.7612	0.194889	1
2	4.04305	0.187973	1
3	4.17218	0.185042	1
4	4.34195	0.181388	1
5	4.39621	0.180265	1
6	4.4102	0.179979	1
7	4.56881	0.176827	1
8	4.57324	0.176742	1
9	4.50771	0.178022	1
10	4.47083	0.178755	1
11	4.364	0.180929	1
12	4.47408	0.178689	1
13	4.55388	0.177117	1
14	4.44601	0.179253	1
15	4.57766	0.176656	1
16	4.598	0.176265	1
17	4.64026	0.175461	1
18	4.79106	0.172677	1
19	4.82831	0.17201	1
20	4.91685	0.170454	1
21	5.09375	0.167468	1
22	5.11026	0.167197	1
23	5.21881	0.165449	1
24	5.26933	0.164654	1
25	5.36196	0.163226	1
26	5.44735	0.161942	1
27	5.52886	0.160743	1
28	5.50823	0.161044	1
29	5.6079	0.159607	1
30	5.64998	0.159011	1
31	5.8222	0.156642	1
32	5.89755	0.155638	1
33	5.89519	0.155669	1
34	6.00248	0.154272	1
35	6.06179	0.153515	1
36	6.27153	0.150926	1
37	6.35014	0.149989	1
38	6.4599	0.148709	1
39	6.51767	0.148049	1
40	6.64972	0.146571	1
41	6.69386	0.146087	1
42	6.783	0.145124	1
43	6.78025	0.145154	1
44	6.81892	0.144741	1
45	6.83164	0.144607	1
46	6.83978	0.144521	1
47	6.85405	0.14437	1
48	6.86455	0.14426	1
49	6.85827	0.144326	1
50	6.82623	0.144664	1
51	6.79858	0.144958	0
52	6.7216	0.145786	0
53	6.70214	0.145997	0
54	6.66714	0.14638	0
55	6.68818	0.146149	0
56	6.70721	0.145942	0
57	6.70948	0.145917	0
58	6.71884	0.145816	0
59	6.76586	0.145308	0
60	6.76882	0.145276	0
61	6.72125	0.145789	0
62	6.65929	0.146466	0
63	6.55901	0.147581	0
64	6.5315	0.147892	0
65	6.51957	0.148027	0
66	6.46392	0.148663	0
67	6.45789	0.148732	0
68	6.46837	0.148612	0
69	6.42232	0.149144	0
70	6.42857	0.149071	0
71	6.36598	0.149802	0
72	6.32819	0.150249	0
73	6.30157	0.150566	0
74	6.27288	0.15091	0
75	6.25438	0.151133	0
76	6.27718	0.150858	0
77	6.26448	0.151011	0
78	6.27825	0.150845	0
79	6.31251	0.150435	0
80	6.36672	0.149794	0
81	6.4311	0.149042	0
82	6.51238	0.148109	0
83	6.57627	0.147388	0
84	6.61931	0.146908	0
85	6.62804	0.146811	0
86	6.61683	0.146935	0
87	6.60317	0.147087	0
88	6.58341	0.147308	0
89	6.58538	0.147286	0
90	6.56506	0.147513	0
91	6.55353	0.147643	0
92	6.57108	0.147446	0
93	6.595	0.147178	0
94	6.58123	0.147332	0
95	6.58459	0.147294	0
96	6.56747	0.147486	0
97	6.55271	0.147652	0
98	6.52104	0.14801	0
99	6.56184	0.14755	0
100	6.54371	0.147754	0
101	6.55698	0.147604	0
102	6.54494	0.14774	0
103	6.53628	0.147838	0
104	6.49678	0.148287	0
105	6.54	0.147796	0
106	6.42278	0.149138	0
107	6.40994	0.149288	0
108	6.41111	0.149274	0
109	6.42232	0.149144	0
110	6.39788	0.149428	0
111	6.44436	0.148888	0
112	6.44459	0.148886	0
113	6.48114	0.148465	0
114	6.49137	0.148348	0
115	6.51259	0.148106	0
116	6.51323	0.148099	0
117	6.50022	0.148247	0
118	6.42787	0.149079	0
119	6.3823	0.149611	0
120	6.38206	0.149613	0
121	6.32794	0.150252	0
122	6.2497	0.151189	0
123	6.22087	0.151539	0
124	6.21917	0.15156	0
125	6.28892	0.150717	0
126	6.28387	0.150778	0
127	6.29737	0.150616	0
128	6.37308	0.149719	0
129	6.41906	0.149182	0
130	6.43432	0.149005	0
131	6.45273	0.148792	0
132	6.45655	0.148748	0
133	6.46548	0.148645	0
134	6.46414	0.14866	0
135	6.44957	0.148828	0
136	6.4439	0.148894	0
137	6.43432	0.149005	0
138	6.41603	0.149217	0
139	6.36892	0.149768	0
140	6.41111	0.149274	0
141	6.42579	0.149103	0
142	6.38085	0.149628	0
143	6.37356	0.149713	0
144	6.37915	0.149647	0
145	6.39168	0.149501	0
146	6.42255	0.149141	0
147	6.41275	0.149255	0
148	6.37478	0.149699	0
149	6.38471	0.149582	0
150	6.40594	0.149334	0
151	6.3986	0.14942	0
152	6.45092	0.148813	0
153	6.50193	0.148228	0
154	6.51767	0.148049	0
155	6.56042	0.147566	0
156	6.62539	0.14684	0
157	6.65434	0.146521	0
158	6.68532	0.146181	0
159	6.65636	0.146498	0
160	6.61664	0.146937	0
161	6.61969	0.146903	0
162	6.60704	0.147044	0
163	6.58814	0.147255	0
164	6.58262	0.147317	0
165	6.55454	0.147632	0
166	6.57168	0.147439	0
167	6.58183	0.147325	0
168	6.53835	0.147814	0
169	6.503	0.148216	0
170	6.46414	0.14866	0
171	6.43935	0.148946	0
172	6.42046	0.149165	0
173	6.35487	0.149933	0
174	6.32615	0.150273	0
175	6.38495	0.14958	0
176	6.37527	0.149693	0
177	6.35238	0.149963	0
178	6.31897	0.150358	0
179	6.31845	0.150365	0
180	6.3034	0.150544	0
181	6.25548	0.15112	0
182	6.14327	0.152494	0
183	6.20916	0.151682	0
184	6.24583	0.151236	0
185	6.27018	0.150942	0
186	6.23189	0.151405	0
187	6.28759	0.150733	0
188	6.34539	0.150045	0
189	6.37527	0.149693	0
190	6.37064	0.149748	0
191	6.42069	0.149163	0
192	6.45901	0.14872	0
193	6.47168	0.148574	0
194	6.48223	0.148453	0
195	6.50258	0.14822	0
196	6.55414	0.147636	0
197	6.57726	0.147377	0
198	6.55901	0.147581	0
199	6.56747	0.147486	0
200	6.62236	0.146874	0
201	6.64917	0.146577	0
202	6.66441	0.14641	0
203	6.65636	0.146498	0
204	6.66459	0.146408	0
205	6.66386	0.146416	0
206	6.64342	0.146641	0
207	6.6436	0.146639	0
208	6.61931	0.146908	0
209	6.59207	0.147211	0
210	6.57108	0.147446	0
211	6.55088	0.147673	0
212	6.56647	0.147498	0
213	6.56888	0.147471	0
214	6.5586	0.147586	0
215	6.56567	0.147507	0
216	6.59617	0.147165	0
217	6.62558	0.146838	0
218	6.61223	0.146986	0
219	6.60762	0.147038	0
220	6.62974	0.146792	0
221	6.63257	0.146761	0
222	6.62842	0.146807	0
223	6.608	0.147033	0
224	6.59812	0.147143	0
225	6.5905	0.147228	0
226	6.54103	0.147784	0
227	6.46681	0.14863	0
228	6.39168	0.149501	0
229	6.32025	0.150343	0
230	6.25876	0.15108	0
231	6.18356	0.151996	0
232	6.12998	0.152659	0
233	6.08157	0.153265	0
234	6.03	0.153919	0
235	6.01964	0.154051	0
236	5.96431	0.154764	0
237	5.90497	0.15554	0
238	5.86241	0.156104	0
239	5.82473	0.156608	0
240	5.76921	0.157359	0
241	5.74894	0.157637	0
242	5.67626	0.158643	0
243	5.6684	0.158753	0
244	5.67528	0.158656	0
245	5.63937	0.159161	0
246	5.62608	0.159349	0
247	5.63683	0.159197	0
