Input	../Output/Countries/LBN.dat
Flat	no	Result	f(y)~beta0+beta1*y
Regression	asymptotic	c	2	Include	left
Range	0	41
beta0	3.37555	error	0.0682898
beta1	-0.0546154	error	0.00330581

X	Y	Error	Weight
0	3.40595	0.204801	1
1	3.48342	0.202511	1
2	3.47019	0.202896	1
3	3.30112	0.208027	1
4	3.24146	0.209933	1
5	3.07796	0.215437	1
6	3.03769	0.21686	1
7	2.89037	0.222318	1
8	2.81625	0.225225	1
9	2.73625	0.228493	1
10	2.5427	0.23703	1
11	2.60793	0.234047	1
12	2.41081	0.243427	1
13	2.62879	0.233116	1
14	2.53139	0.237559	1
15	2.66924	0.231343	1
16	2.64922	0.232216	1
17	2.6888	0.2305	1
18	2.56495	0.236	1
19	2.58671	0.235005	1
20	2.46079	0.240943	1
21	2.4485	0.241547	1
22	2.13168	0.258875	1
23	2.02433	0.265651	1
24	1.81531	0.280527	1
25	1.86082	0.277076	1
26	1.63764	0.295354	1
27	1.23227	0.340485	1
28	1.27285	0.335014	1
29	1.38629	0.321013	1
30	1.51973	0.306597	1
31	1.58042	0.300652	1
32	1.55054	0.303536	1
33	1.74292	0.286294	1
34	1.71758	0.288399	1
35	1.66506	0.292911	1
36	1.55054	0.303536	1
37	1.42142	0.317022	1
38	1.45535	0.313305	1
39	1.45535	0.313305	1
40	1.23227	0.340485	1
41	1.42142	0.317022	1
42	2.13168	0.258875	0
43	2.25874	0.251488	0
44	2.38481	0.244751	0
45	2.73625	0.228493	0
46	2.83321	0.224549	0
47	2.91393	0.221417	0
48	2.90614	0.221714	0
49	2.67903	0.23092	0
50	2.60793	0.234047	0
51	2.58671	0.235005	0
52	2.24379	0.252325	0
53	2.33078	0.247571	0
54	2.48491	0.239771	0
55	2.47292	0.240351	0
56	2.98133	0.2189	0
57	3.32708	0.207214	0
58	3.32708	0.207214	0
59	3.3673	0.205973	0
60	3.29053	0.208362	0
61	3.27982	0.208702	0
62	3.35239	0.20643	0
63	3.02388	0.217354	0
64	2.50846	0.238642	0
65	2.59742	0.23452	0
66	2.71754	0.229278	0
67	2.79031	0.226269	0
68	2.67903	0.23092	0
69	2.60793	0.234047	0
70	2.98133	0.2189	0
71	2.99573	0.218373	0
72	2.91393	0.221417	0
73	2.76361	0.227359	0
74	2.81625	0.225225	0
75	2.89037	0.222318	0
76	2.93688	0.22055	0
77	2.61842	0.233578	0
78	2.75455	0.227733	0
79	2.85813	0.223568	0
80	2.79905	0.225915	0
81	2.79031	0.226269	0
82	2.70805	0.22968	0
83	2.66924	0.231343	0
84	2.58671	0.235005	0
85	2.53139	0.237559	0
86	2.59742	0.23452	0
87	3.00286	0.218114	0
88	2.98856	0.218635	0
89	3.05805	0.216137	0
90	3.09752	0.214755	0
91	3.17208	0.212216	0
92	3.28519	0.208531	0
93	3.26358	0.20922	0
94	3.08452	0.215207	0
95	3.00993	0.217858	0
96	3.10396	0.214532	0
97	3.02388	0.217354	0
98	2.95194	0.219987	0
99	2.94444	0.220267	0
100	2.96677	0.219437	0
101	2.94444	0.220267	0
102	2.99573	0.218373	0
103	2.91393	0.221417	0
104	3.11667	0.214095	0
105	3.42472	0.204239	0
106	3.58352	0.199662	0
107	3.80029	0.193884	0
108	4.18749	0.184703	0
109	4.33449	0.181544	0
110	4.35304	0.181157	0
111	4.44433	0.179287	0
112	4.43082	0.17956	0
113	4.48058	0.17856	0
114	4.46262	0.178919	0
115	4.31749	0.181901	0
116	4.24031	0.183549	0
117	4.32507	0.181742	0
118	4.3856	0.180483	0
119	4.54785	0.177234	0
120	4.61512	0.175938	0
121	4.74742	0.173469	0
122	4.84644	0.171688	0
123	4.93857	0.170079	0
124	5.00395	0.168964	0
125	5.05807	0.168058	0
126	5.03324	0.168472	0
127	5.09987	0.167368	0
128	5.09987	0.167368	0
129	5.08848	0.167555	0
130	5.12736	0.166918	0
131	5.00011	0.169029	0
132	5.15412	0.166485	0
133	5.25302	0.16491	0
134	5.29546	0.164248	0
135	5.36263	0.163216	0
136	5.45165	0.161878	0
137	5.52146	0.160851	0
138	5.68407	0.158534	0
139	5.65299	0.158969	0
140	5.67431	0.15867	0
141	5.70092	0.158299	0
142	5.7589	0.1575	0
143	5.8222	0.156642	0
144	5.88809	0.155763	0
145	5.93149	0.155192	0
146	6.03821	0.153814	0
147	6.13773	0.152562	0
148	6.22456	0.151494	0
149	6.28333	0.150784	0
150	6.30131	0.150569	0
151	6.30157	0.150566	0
152	6.33023	0.150225	0
153	6.32308	0.15031	0
154	6.34438	0.150057	0
155	6.35636	0.149916	0
156	6.36892	0.149768	0
157	6.39024	0.149518	0
158	6.38568	0.149571	0
159	6.37039	0.14975	0
160	6.37939	0.149645	0
161	6.35462	0.149936	0
162	6.31691	0.150383	0
163	6.27986	0.150826	0
164	6.23048	0.151422	0
165	6.21974	0.151553	0
166	6.22795	0.151453	0
167	6.21518	0.151609	0
168	6.20715	0.151707	0
169	6.21261	0.15164	0
170	6.25876	0.15108	0
171	6.31871	0.150362	0
172	6.48245	0.14845	0
173	6.37891	0.14965	0
174	6.39836	0.149423	0
175	6.42764	0.149082	0
176	6.47367	0.148551	0
177	6.49397	0.148319	0
178	6.56988	0.147459	0
179	6.48485	0.148423	0
180	6.6488	0.146582	0
181	6.70389	0.145978	0
182	6.76207	0.145349	0
183	6.82499	0.144677	0
184	6.89987	0.14389	0
185	6.90073	0.143881	0
186	6.94766	0.143394	0
187	6.98008	0.143061	0
188	7.02134	0.14264	0
189	7.04913	0.142358	0
190	7.06732	0.142175	0
191	7.0723	0.142125	0
192	7.06939	0.142154	0
193	7.08829	0.141965	0
194	7.10672	0.14178	0
195	7.1301	0.141548	0
196	7.14362	0.141414	0
197	7.15874	0.141264	0
198	7.16616	0.141191	0
199	7.16858	0.141167	0
200	7.1554	0.141297	0
201	7.15361	0.141315	0
202	7.14441	0.141406	0
203	7.15918	0.14126	0
204	7.15272	0.141324	0
205	7.12815	0.141567	0
206	7.12723	0.141576	0
207	7.08051	0.142043	0
208	7.09802	0.141867	0
209	7.08183	0.142029	0
210	7.07593	0.142089	0
211	7.08602	0.141987	0
212	7.11616	0.141686	0
213	7.17056	0.141148	0
214	7.1856	0.141	0
215	7.22973	0.140569	0
216	7.29088	0.139978	0
217	7.33684	0.139539	0
218	7.36428	0.139279	0
219	7.38859	0.13905	0
220	7.38017	0.139129	0
221	7.40515	0.138894	0
222	7.37901	0.13914	0
223	7.38239	0.139108	0
224	7.39616	0.138979	0
225	7.42986	0.138663	0
226	7.43577	0.138608	0
227	7.41449	0.138807	0
228	7.41784	0.138775	0
229	7.42126	0.138743	0
230	7.42417	0.138716	0
231	7.40567	0.138889	0
232	7.38479	0.139086	0
233	7.37508	0.139177	0
234	7.37722	0.139157	0
235	7.36798	0.139244	0
236	7.36391	0.139283	0
237	7.37847	0.139145	0
238	7.38159	0.139116	0
239	7.36409	0.139281	0
240	7.36119	0.139308	0
241	7.36391	0.139283	0
242	7.36617	0.139261	0
243	7.33694	0.139538	0
244	7.29438	0.139945	0
245	7.28951	0.139992	0
246	7.29661	0.139923	0
247	7.30317	0.139861	0
248	7.31017	0.139794	0
249	7.30624	0.139831	0
250	7.33675	0.13954	0
251	7.35573	0.13936	0
252	7.3243	0.139659	0
253	7.29525	0.139936	0
254	7.11558	0.141692	0
255	7.28109	0.140072	0
256	7.27952	0.140088	0
