Input	../Output/Countries/MAR.dat
Flat	no	Result	f(y)~beta0+beta1*y
Regression	asymptotic	c	2	Include	left
Range	0	31
beta0	3.74806	error	0.0645752
beta1	0.0524797	error	0.00342505

X	Y	Error	Weight
0	3.41069	0.204659	1
1	3.64508	0.197969	1
2	3.77767	0.194464	1
3	3.95124	0.190145	1
4	4.07754	0.187177	1
5	4.15665	0.185387	1
6	4.11555	0.18631	1
7	4.12483	0.186101	1
8	4.1544	0.185437	1
9	4.30213	0.182226	1
10	4.34936	0.181233	1
11	4.38914	0.18041	1
12	4.39445	0.180301	1
13	4.48542	0.178464	1
14	4.55538	0.177088	1
15	4.54177	0.177353	1
16	4.49345	0.178304	1
17	4.51556	0.177867	1
18	4.52023	0.177775	1
19	4.61086	0.176019	1
20	4.67283	0.174848	1
21	4.86643	0.171335	1
22	5.0716	0.167833	1
23	5.09287	0.167483	1
24	5.13915	0.166727	1
25	5.21105	0.165573	1
26	5.24023	0.165111	1
27	5.31391	0.163962	1
28	5.2126	0.165548	1
29	5.13915	0.166727	1
30	5.15412	0.166485	1
31	5.15247	0.166511	1
32	5.03324	0.168472	0
33	5.00395	0.168964	0
34	4.82831	0.17201	0
35	4.80519	0.172423	0
36	4.75236	0.173379	0
37	4.77792	0.172915	0
38	4.78511	0.172785	0
39	4.8925	0.170878	0
40	4.92829	0.170256	0
41	5.04527	0.168271	0
42	5.07963	0.167701	0
43	5.09463	0.167454	0
44	5.12821	0.166905	0
45	5.11026	0.167197	0
46	5.16723	0.166273	0
47	5.14334	0.166659	0
48	5.06078	0.168013	0
49	5.01917	0.168708	0
50	4.90104	0.170729	0
51	4.77672	0.172936	0
52	4.74742	0.173469	0
53	4.56286	0.176943	0
54	4.45932	0.178985	0
55	4.48542	0.178464	0
56	4.45767	0.179018	0
57	4.57618	0.176685	0
58	4.55388	0.177117	0
59	4.38737	0.180447	0
60	4.41712	0.179838	0
61	4.37126	0.180779	0
62	4.20256	0.184372	0
63	4.12251	0.186153	0
64	3.9995	0.188994	0
65	3.97835	0.189496	0
66	3.97835	0.189496	0
67	3.7612	0.194889	0
68	3.72052	0.195952	0
69	3.82553	0.193244	0
70	3.9402	0.190411	0
71	3.93183	0.190614	0
72	3.97029	0.189688	0
73	4.08717	0.186956	0
74	4.20469	0.184325	0
75	4.40147	0.180157	0
76	4.42741	0.179629	0
77	4.33449	0.181544	0
78	4.3438	0.181349	0
79	4.34751	0.181272	0
80	4.39797	0.180229	0
81	4.42228	0.179733	0
82	4.25662	0.183197	0
83	4.24645	0.183416	0
84	4.34008	0.181427	0
85	4.96484	0.169628	0
86	5.09899	0.167382	0
87	5.13075	0.166863	0
88	5.21416	0.165523	0
89	5.30756	0.16406	0
90	5.60895	0.159592	0
91	5.77898	0.157226	0
92	5.66494	0.158801	0
93	5.67382	0.158677	0
94	5.69181	0.158426	0
95	5.71232	0.158141	0
96	5.74529	0.157687	0
97	5.50939	0.161027	0
98	5.45104	0.161887	0
99	5.46565	0.16167	0
100	5.62711	0.159334	0
101	5.73334	0.157851	0
102	5.69853	0.158332	0
103	5.69132	0.158433	0
104	5.72031	0.158031	0
105	5.70853	0.158194	0
106	5.6748	0.158663	0
107	5.50417	0.161104	0
108	5.38711	0.162844	0
109	5.40461	0.162581	0
110	5.36062	0.163246	0
111	5.36129	0.163236	0
112	5.34438	0.163494	0
113	5.29689	0.164226	0
114	5.34915	0.163421	0
115	5.36129	0.163236	0
116	5.44797	0.161932	0
117	5.45959	0.16176	0
118	5.49247	0.161275	0
119	5.50359	0.161112	0
120	5.70758	0.158207	0
121	5.92883	0.155227	0
122	6.07436	0.153356	0
123	6.16331	0.152245	0
124	6.2552	0.151123	0
125	6.409	0.149299	0
126	6.57028	0.147455	0
127	6.66441	0.14641	0
128	6.64267	0.146649	0
129	6.62179	0.14688	0
130	6.63125	0.146775	0
131	6.72486	0.14575	0
132	6.80033	0.144939	0
133	6.8158	0.144775	0
134	6.80872	0.14485	0
135	6.90661	0.14382	0
136	7.00307	0.142826	0
137	7.02452	0.142608	0
138	7.03853	0.142466	0
139	7.06525	0.142196	0
140	7.07702	0.142078	0
141	7.11116	0.141736	0
142	7.16018	0.14125	0
143	7.18668	0.140989	0
144	7.21261	0.140736	0
145	7.22444	0.140621	0
146	7.22559	0.140609	0
147	7.23428	0.140525	0
148	7.26503	0.140227	0
149	7.24372	0.140433	0
150	7.25033	0.140369	0
151	7.23335	0.140534	0
152	7.23654	0.140503	0
153	7.21849	0.140679	0
154	7.20754	0.140785	0
155	7.1856	0.141	0
156	7.18582	0.140998	0
157	7.16461	0.141207	0
158	7.19594	0.140899	0
159	7.18679	0.140988	0
160	7.22246	0.14064	0
161	7.24116	0.140458	0
162	7.27596	0.140122	0
163	7.27478	0.140133	0
164	7.35929	0.139326	0
165	7.37686	0.13916	0
166	7.44174	0.138552	0
167	7.48156	0.138183	0
168	7.52	0.137829	0
169	7.57133	0.137361	0
170	7.62035	0.136919	0
171	7.62155	0.136908	0
172	7.63067	0.136826	0
173	7.64307	0.136715	0
174	7.61071	0.137006	0
175	7.65221	0.136634	0
176	7.67435	0.136436	0
177	7.69498	0.136253	0
178	7.67369	0.136442	0
179	7.66428	0.136526	0
180	7.67136	0.136463	0
181	7.71722	0.136057	0
182	7.7088	0.136131	0
183	7.68695	0.136325	0
184	7.69784	0.136228	0
185	7.7308	0.135937	0
186	7.73368	0.135912	0
187	7.72419	0.135995	0
188	7.72879	0.135955	0
189	7.73099	0.135936	0
190	7.73712	0.135882	0
191	7.73362	0.135913	0
192	7.70828	0.136136	0
193	7.70835	0.136135	0
194	7.73849	0.13587	0
195	7.75736	0.135704	0
196	7.78969	0.135423	0
197	7.8429	0.134962	0
198	7.8857	0.134596	0
199	7.91321	0.134361	0
200	7.90975	0.134391	0
201	7.94236	0.134115	0
202	7.97291	0.133857	0
203	7.99183	0.133699	0
204	7.99439	0.133677	0
205	8.0097	0.13355	0
206	8.01717	0.133487	0
207	8.05234	0.133196	0
208	8.05547	0.13317	0
209	8.06405	0.133099	0
210	8.10085	0.132796	0
211	8.10892	0.13273	0
212	8.12097	0.132632	0
213	8.13359	0.132529	0
214	8.13973	0.132479	0
215	8.16986	0.132234	0
216	8.18623	0.132102	0
217	8.19293	0.132048	0
218	8.17583	0.132186	0
219	8.16553	0.132269	0
220	8.18324	0.132126	0
221	8.19364	0.132042	0
222	8.21346	0.131883	0
223	8.27937	0.131357	0
224	8.32614	0.130987	0
225	8.39761	0.130429	0
226	8.46141	0.129936	0
227	8.49515	0.129678	0
228	8.51379	0.129536	0
229	8.53419	0.129381	0
230	8.52618	0.129442	0
231	8.54175	0.129324	0
232	8.545	0.129299	0
233	8.54609	0.129291	0
234	8.5563	0.129213	0
235	8.55195	0.129246	0
236	8.55748	0.129205	0
237	8.55556	0.129219	0
238	8.50953	0.129568	0
239	8.48597	0.129748	0
240	8.45078	0.130018	0
241	8.42018	0.130254	0
242	8.40671	0.130358	0
243	8.36047	0.130718	0
244	8.34661	0.130827	0
245	8.33361	0.130929	0
246	8.32969	0.130959	0
247	8.31965	0.131038	0
248	8.32437	0.131001	0
249	8.3225	0.131016	0
250	8.30531	0.131151	0
251	8.2827	0.13133	0
252	8.2919	0.131257	0
253	8.27034	0.131428	0
254	8.25953	0.131514	0
255	8.21431	0.131876	0
256	8.17478	0.132194	0
