Input	../Output/Countries/OWID_WRL.dat
Flat	no	Result	f(y)~beta0+beta1*y
Regression	asymptotic	c	2	Include	left
Range	0	11
beta0	6.69376	error	0.0776773
beta1	0.154467	error	0.0116139

X	Y	Error	Weight
0	6.57587	0.147392	1
1	6.68675	0.146165	1
2	6.98749	0.142985	1
3	7.15751	0.141276	1
4	7.32308	0.13967	1
5	7.64758	0.136675	1
6	7.7927	0.135396	1
7	7.86984	0.134731	1
8	8.02878	0.133391	1
9	8.07838	0.132981	1
10	8.15925	0.13232	1
11	8.18439	0.132117	1
12	8.11343	0.132693	0
13	8.0922	0.132867	0
14	8.00222	0.133612	0
15	7.82895	0.135083	0
16	8.34891	0.130809	0
17	8.44349	0.130074	0
18	8.42511	0.130216	0
19	8.39825	0.130424	0
20	8.3796	0.130569	0
21	8.37434	0.13061	0
22	8.37704	0.130589	0
23	7.72375	0.135999	0
24	7.25761	0.140299	0
25	7.21849	0.140679	0
26	7.00915	0.142764	0
27	6.79858	0.144958	0
28	6.6195	0.146906	0
29	6.70651	0.145949	0
30	6.83733	0.144547	0
31	6.94725	0.143398	0
32	6.96481	0.143218	0
33	7.20383	0.140822	0
34	7.34426	0.139469	0
35	7.49268	0.138081	0
36	7.59395	0.137157	0
37	7.69022	0.136296	0
38	7.84776	0.134921	0
39	7.96237	0.133946	0
40	8.0375	0.133319	0
41	8.12521	0.132597	0
42	8.22336	0.131803	0
43	8.40939	0.130337	0
44	8.5013	0.129631	0
45	8.76486	0.127667	0
46	8.91006	0.126622	0
47	9.04216	0.125694	0
48	9.21041	0.124541	0
49	9.35536	0.123572	0
50	9.49265	0.122675	0
51	9.69885	0.121364	0
52	9.83308	0.120533	0
53	9.98184	0.119632	0
54	10.1235	0.118791	0
55	10.2751	0.117912	0
56	10.3933	0.11724	0
57	10.5223	0.116518	0
58	10.6514	0.11581	0
59	10.7613	0.115218	0
60	10.8629	0.114678	0
61	10.9289	0.114331	0
62	10.9838	0.114045	0
63	11.0663	0.113619	0
64	11.1216	0.113336	0
65	11.1598	0.113142	0
66	11.1961	0.112958	0
67	11.2214	0.112831	0
68	11.2454	0.11271	0
69	11.2599	0.112638	0
70	11.2616	0.112629	0
71	11.276	0.112557	0
72	11.2848	0.112513	0
73	11.2922	0.112476	0
74	11.2847	0.112514	0
75	11.326	0.112309	0
76	11.3207	0.112335	0
77	11.3093	0.112391	0
78	11.3049	0.112413	0
79	11.3235	0.112321	0
80	11.3241	0.112318	0
81	11.3194	0.112341	0
82	11.2923	0.112476	0
83	11.3001	0.112437	0
84	11.3084	0.112396	0
85	11.301	0.112433	0
86	11.2852	0.112512	0
87	11.2791	0.112542	0
88	11.2968	0.112453	0
89	11.2823	0.112526	0
90	11.2735	0.11257	0
91	11.2726	0.112574	0
92	11.2721	0.112577	0
93	11.2638	0.112618	0
94	11.269	0.112592	0
95	11.2628	0.112623	0
96	11.2712	0.112581	0
97	11.2845	0.112515	0
98	11.2935	0.11247	0
99	11.3155	0.112361	0
100	11.3253	0.112312	0
101	11.332	0.112279	0
102	11.3404	0.112237	0
103	11.3382	0.112248	0
104	11.3379	0.11225	0
105	11.3443	0.112218	0
106	11.3357	0.11226	0
107	11.3486	0.112197	0
108	11.3574	0.112153	0
109	11.3728	0.112077	0
110	11.3767	0.112058	0
111	11.3959	0.111964	0
112	11.4165	0.111863	0
113	11.4437	0.11173	0
114	11.4592	0.111654	0
115	11.4735	0.111584	0
116	11.4888	0.11151	0
117	11.5131	0.111392	0
118	11.5098	0.111408	0
119	11.5041	0.111436	0
120	11.505	0.111431	0
121	11.5231	0.111344	0
122	11.544	0.111243	0
123	11.588	0.111032	0
124	11.6039	0.110955	0
125	11.6152	0.110901	0
126	11.651	0.110731	0
127	11.6697	0.110642	0
128	11.6788	0.110599	0
129	11.691	0.110541	0
130	11.6879	0.110556	0
131	11.6942	0.110526	0
132	11.703	0.110485	0
133	11.7069	0.110467	0
134	11.7262	0.110376	0
135	11.7388	0.110316	0
136	11.7359	0.11033	0
137	11.7372	0.110324	0
138	11.7604	0.110215	0
139	11.779	0.110128	0
140	11.7975	0.110041	0
141	11.8065	0.109999	0
142	11.8088	0.109989	0
143	11.8615	0.109744	0
144	11.8829	0.109645	0
145	11.8787	0.109665	0
146	11.8971	0.10958	0
147	11.9202	0.109473	0
148	11.9463	0.109354	0
149	11.981	0.109195	0
150	11.9917	0.109147	0
151	12.0097	0.109065	0
152	12.0394	0.10893	0
153	12.0541	0.108864	0
154	12.0609	0.108833	0
155	12.0985	0.108664	0
156	12.1227	0.108556	0
157	12.1307	0.108519	0
158	12.143	0.108465	0
159	12.1578	0.108398	0
160	12.1652	0.108366	0
161	12.1927	0.108243	0
162	12.1895	0.108258	0
163	12.2029	0.108198	0
164	12.2245	0.108102	0
165	12.2404	0.108032	0
166	12.2475	0.108001	0
167	12.2651	0.107923	0
168	12.2719	0.107894	0
169	12.2841	0.10784	0
170	12.3003	0.107769	0
171	12.3066	0.107741	0
172	12.3194	0.107685	0
173	12.3326	0.107628	0
174	12.3419	0.107587	0
175	12.3493	0.107555	0
176	12.3798	0.107422	0
177	12.3978	0.107344	0
178	12.4205	0.107246	0
179	12.431	0.107201	0
180	12.4306	0.107203	0
181	12.4416	0.107155	0
182	12.4521	0.10711	0
183	12.457	0.107089	0
184	12.4557	0.107095	0
185	12.4615	0.10707	0
186	12.459	0.10708	0
187	12.4692	0.107036	0
188	12.4562	0.107092	0
189	12.4599	0.107077	0
190	12.4513	0.107113	0
191	12.4548	0.107098	0
192	12.4499	0.107119	0
193	12.4548	0.107098	0
194	12.4513	0.107113	0
195	12.4648	0.107055	0
196	12.4628	0.107064	0
197	12.4654	0.107053	0
198	12.4657	0.107052	0
199	12.4782	0.106998	0
200	12.4722	0.107024	0
201	12.4657	0.107052	0
202	12.4568	0.10709	0
203	12.4574	0.107087	0
204	12.4554	0.107096	0
205	12.4446	0.107142	0
206	12.4249	0.107227	0
207	12.4347	0.107185	0
208	12.4309	0.107201	0
209	12.4392	0.107165	0
210	12.4321	0.107196	0
211	12.4397	0.107163	0
212	12.4458	0.107137	0
213	12.4527	0.107107	0
214	12.4506	0.107116	0
215	12.4618	0.107068	0
216	12.4824	0.10698	0
217	12.4937	0.106931	0
218	12.4906	0.106945	0
219	12.4919	0.106939	0
220	12.5082	0.10687	0
221	12.5083	0.106869	0
222	12.5067	0.106876	0
223	12.4912	0.106942	0
224	12.4786	0.106996	0
225	12.4798	0.106991	0
226	12.4896	0.106949	0
227	12.4934	0.106933	0
228	12.5012	0.106899	0
229	12.5079	0.106871	0
230	12.5321	0.106768	0
231	12.5546	0.106672	0
232	12.5637	0.106633	0
233	12.5715	0.1066	0
234	12.5736	0.106591	0
235	12.5751	0.106585	0
236	12.5776	0.106574	0
237	12.5872	0.106534	0
238	12.5866	0.106536	0
239	12.5667	0.106621	0
240	12.5907	0.106519	0
241	12.5933	0.106508	0
242	12.5908	0.106518	0
243	12.5904	0.10652	0
244	12.5785	0.10657	0
245	12.5793	0.106567	0
246	12.6104	0.106435	0
247	12.5884	0.106529	0
248	12.572	0.106598	0
249	12.5925	0.106511	0
250	12.5966	0.106494	0
251	12.6226	0.106384	0
252	12.641	0.106307	0
253	12.6511	0.106264	0
254	12.6709	0.106181	0
255	12.6988	0.106065	0
256	12.7047	0.10604	0
257	12.7141	0.106	0
258	12.7121	0.106009	0
259	12.7134	0.106003	0
260	12.727	0.105947	0
261	12.7461	0.105867	0
262	12.767	0.105781	0
263	12.7716	0.105762	0
264	12.7779	0.105736	0
265	12.8265	0.105535	0
266	12.8493	0.105442	0
267	12.8727	0.105346	0
268	12.8963	0.105249	0
269	12.9263	0.105127	0
270	12.9506	0.105028	0
271	12.973	0.104937	0
272	13.0022	0.104819	0
273	13.0279	0.104716	0
274	13.0482	0.104635	0
275	13.072	0.104539	0
276	13.0941	0.104451	0
277	13.1129	0.104376	0
278	13.1357	0.104285	0
279	13.1275	0.104318	0
280	13.1404	0.104267	0
281	13.1649	0.10417	0
282	13.1766	0.104124	0
283	13.1959	0.104047	0
284	13.2051	0.104011	0
285	13.2393	0.103877	0
286	13.2375	0.103884	0
287	13.2479	0.103843	0
288	13.2598	0.103796	0
289	13.273	0.103745	0
290	13.2747	0.103738	0
291	13.2949	0.103659	0
292	13.2725	0.103747	0
293	13.2793	0.10372	0
294	13.2919	0.103671	0
295	13.2868	0.103691	0
296	13.2876	0.103688	0
297	13.2916	0.103672	0
298	13.2898	0.103679	0
299	13.2924	0.103669	0
300	13.2906	0.103676	0
301	13.2858	0.103695	0
302	13.2879	0.103686	0
303	13.271	0.103753	0
304	13.2726	0.103746	0
305	13.2756	0.103735	0
306	13.2762	0.103732	0
307	13.2723	0.103747	0
308	13.2764	0.103731	0
309	13.2797	0.103719	0
310	13.306	0.103616	0
311	13.3075	0.10361	0
312	13.3174	0.103572	0
313	13.3283	0.103529	0
314	13.3311	0.103519	0
