Input	../Output/Countries/PAK.dat
Flat	no	Result	f(y)~beta0+beta1*y
Regression	asymptotic	c	2	Include	left
Range	0	96
beta0	4.46834	error	0.0328341
beta1	0.0464925	error	0.000546501

X	Y	Error	Weight
0	3.44773	0.203556	1
1	3.68888	0.19679	1
2	4.12713	0.186049	1
3	4.21318	0.184139	1
4	4.60374	0.176155	1
5	4.6375	0.175513	1
6	4.65938	0.1751	1
7	4.65532	0.175177	1
8	4.69266	0.174478	1
9	4.67015	0.174898	1
10	4.82488	0.172071	1
11	4.69397	0.174454	1
12	4.76462	0.173156	1
13	4.78987	0.172699	1
14	4.92725	0.170274	1
15	5.01538	0.168771	1
16	5.1607	0.166378	1
17	5.23416	0.165207	1
18	5.24175	0.165087	1
19	5.40653	0.162552	1
20	5.6792	0.158602	1
21	5.70235	0.158279	1
22	5.72499	0.157966	1
23	5.68843	0.158473	1
24	5.65948	0.158878	1
25	5.74712	0.157662	1
26	5.69084	0.158439	1
27	5.50997	0.161019	1
28	5.55074	0.160426	1
29	5.71326	0.158128	1
30	5.84974	0.156273	1
31	5.80771	0.156837	1
32	5.92769	0.155242	1
33	6.09904	0.153045	1
34	6.03411	0.153867	1
35	6.27772	0.150852	1
36	6.26828	0.150965	1
37	6.40547	0.14934	1
38	6.55414	0.147636	1
39	6.58814	0.147255	1
40	6.56728	0.147489	1
41	6.66605	0.146392	1
42	6.58064	0.147339	1
43	6.65728	0.146488	1
44	6.69562	0.146068	1
45	6.78219	0.145133	1
46	6.81501	0.144783	1
47	6.87228	0.144179	1
48	6.91146	0.143769	1
49	6.96831	0.143182	1
50	7.10754	0.141772	1
51	7.01943	0.142659	1
52	7.08063	0.142041	1
53	7.22704	0.140595	1
54	7.28912	0.139995	1
55	7.37239	0.139202	1
56	7.47039	0.138286	1
57	7.37999	0.139131	1
58	7.37275	0.139199	1
59	7.47663	0.138229	1
60	7.27071	0.140172	1
61	7.24596	0.140412	1
62	7.26882	0.140191	1
63	7.22673	0.140598	1
64	7.3227	0.139674	1
65	7.47169	0.138274	1
66	7.43796	0.138587	1
67	7.5747	0.137331	1
68	7.63254	0.13681	1
69	7.61678	0.136951	1
70	7.58208	0.137264	1
71	7.54607	0.137591	1
72	7.5372	0.137672	1
73	7.55216	0.137536	1
74	7.60233	0.137081	1
75	7.66287	0.136539	1
76	7.74135	0.135845	1
77	7.88999	0.134559	1
78	8.02111	0.133455	1
79	8.14144	0.132465	1
80	8.18952	0.132075	1
81	8.27698	0.131376	1
82	8.34444	0.130844	1
83	8.40262	0.13039	1
84	8.42505	0.130216	1
85	8.46557	0.129904	1
86	8.49617	0.12967	1
87	8.56419	0.129154	1
88	8.42602	0.130209	1
89	8.47226	0.129853	1
90	8.6707	0.128358	1
91	8.66571	0.128395	1
92	8.67683	0.128313	1
93	8.66517	0.128399	1
94	8.62871	0.12867	1
95	8.78467	0.127523	1
96	8.75084	0.127769	1
97	8.56217	0.129169	0
98	8.5485	0.129272	0
99	8.49308	0.129694	0
100	8.45386	0.129994	0
101	8.38555	0.130522	0
102	8.26569	0.131465	0
103	8.23286	0.131727	0
104	8.19754	0.132011	0
105	8.15245	0.132375	0
106	8.16231	0.132295	0
107	8.17426	0.132199	0
108	8.22573	0.131784	0
109	8.0979	0.13282	0
110	8.06769	0.133069	0
111	8.19289	0.132048	0
112	8.18758	0.132091	0
113	8.14069	0.132471	0
114	8.09903	0.132811	0
115	8.0393	0.133304	0
116	8.15868	0.132325	0
117	8.12263	0.132618	0
118	7.94788	0.134068	0
119	7.91127	0.134378	0
120	7.86765	0.13475	0
121	7.79893	0.135342	0
122	7.62315	0.136894	0
123	7.70693	0.136148	0
124	7.64451	0.136702	0
125	7.56142	0.137451	0
126	7.48693	0.138133	0
127	7.41792	0.138775	0
128	7.38461	0.139087	0
129	7.48645	0.138138	0
130	7.26143	0.140262	0
131	7.22538	0.140611	0
132	7.04503	0.1424	0
133	7.06513	0.142197	0
134	7.01558	0.142698	0
135	6.92152	0.143665	0
136	6.90804	0.143805	0
137	6.82095	0.14472	0
138	6.60896	0.147023	0
139	6.84679	0.144447	0
140	6.78187	0.145136	0
141	6.6174	0.146929	0
142	6.54041	0.147791	0
143	6.45722	0.14874	0
144	6.42972	0.149058	0
145	6.60704	0.147044	0
146	6.44844	0.148841	0
147	6.39669	0.149442	0
148	6.51577	0.14807	0
149	6.52733	0.147939	0
150	6.53275	0.147878	0
151	6.49979	0.148252	0
152	6.47917	0.148488	0
153	6.58991	0.147235	0
154	6.47807	0.148501	0
155	6.49678	0.148287	0
156	6.47124	0.148579	0
157	6.41673	0.149209	0
158	6.41767	0.149198	0
159	6.37939	0.149645	0
160	6.35957	0.149878	0
161	6.35957	0.149878	0
162	6.31742	0.150377	0
163	6.28307	0.150787	0
164	6.26476	0.151008	0
165	6.20456	0.151738	0
166	6.12437	0.152729	0
167	5.82684	0.156579	0
168	5.91273	0.155438	0
169	5.85302	0.156229	0
170	5.99894	0.154317	0
171	6.01755	0.154078	0
172	6.05108	0.153651	0
173	5.93754	0.155113	0
174	6.14572	0.152463	0
175	6.1809	0.152028	0
176	6.21746	0.151581	0
177	6.06578	0.153464	0
178	6.01232	0.154145	0
179	6.03685	0.153832	0
180	6.20196	0.15177	0
181	6.09872	0.153049	0
182	6.12218	0.152756	0
183	6.1944	0.151863	0
184	6.24389	0.15126	0
185	6.35188	0.149968	0
186	6.36696	0.149791	0
187	6.39454	0.149467	0
188	6.41673	0.149209	0
189	6.45744	0.148738	0
190	6.42718	0.149087	0
191	6.4842	0.14843	0
192	6.49419	0.148316	0
193	6.47697	0.148513	0
194	6.48877	0.148378	0
195	6.47411	0.148546	0
196	6.4944	0.148314	0
197	6.53979	0.147798	0
198	6.48551	0.148415	0
199	6.44708	0.148857	0
200	6.44413	0.148891	0
201	6.42995	0.149055	0
202	6.29025	0.150701	0
203	6.39954	0.149409	0
204	6.3699	0.149756	0
205	6.37964	0.149642	0
206	6.38832	0.14954	0
207	6.41627	0.149214	0
208	6.42417	0.149122	0
209	6.50962	0.14814	0
210	6.37794	0.149662	0
211	6.37575	0.149687	0
212	6.41673	0.149209	0
213	6.41627	0.149214	0
214	6.39359	0.149478	0
215	6.36966	0.149759	0
216	6.38133	0.149622	0
217	6.39359	0.149478	0
218	6.41603	0.149217	0
219	6.41158	0.149269	0
220	6.42949	0.149061	0
221	6.49029	0.148361	0
222	6.54617	0.147726	0
223	6.60084	0.147113	0
224	6.63726	0.146709	0
225	6.65856	0.146474	0
226	6.6896	0.146134	0
227	6.74859	0.145494	0
228	6.74187	0.145566	0
229	6.76603	0.145306	0
230	6.83226	0.1446	0
231	6.89119	0.143981	0
232	6.95967	0.14327	0
233	7.01173	0.142738	0
234	7.04938	0.142356	0
235	7.13204	0.141529	0
236	7.18311	0.141025	0
237	7.2387	0.140482	0
238	7.2858	0.140027	0
239	7.32374	0.139664	0
240	7.37032	0.139222	0
241	7.4505	0.138471	0
242	7.50408	0.137976	0
243	7.58033	0.13728	0
244	7.61459	0.136971	0
245	7.64328	0.136713	0
246	7.68288	0.136361	0
247	7.73036	0.135941	0
248	7.75723	0.135706	0
249	7.79782	0.135352	0
250	7.81076	0.13524	0
251	7.84648	0.134932	0
252	7.89576	0.13451	0
253	7.93288	0.134195	0
254	7.97104	0.133873	0
255	7.98937	0.13372	0
256	7.9991	0.133638	0
257	8.00694	0.133573	0
258	8.01088	0.13354	0
259	7.98709	0.133739	0
260	7.97831	0.133812	0
261	7.98772	0.133733	0
262	7.99492	0.133673	0
263	7.99848	0.133643	0
264	8.02121	0.133454	0
265	8.06509	0.13309	0
266	8.08408	0.132934	0
