Input	../Output/Countries/RUS.dat
Flat	no	Result	f(y)~beta0+beta1*y
Regression	asymptotic	c	2	Include	left
Range	0	31
beta0	3.86488	error	0.0594952
beta1	0.154026	error	0.00301053

X	Y	Error	Weight
0	3.56349	0.200223	1
1	3.77113	0.194633	1
2	3.90629	0.191236	1
3	3.9969	0.189056	1
4	4.29046	0.182473	1
5	4.51712	0.177836	1
6	4.71722	0.174023	1
7	4.91894	0.170418	1
8	5.11628	0.167099	1
9	5.29689	0.164226	1
10	5.5727	0.16011	1
11	5.71279	0.158135	1
12	5.95805	0.154846	1
13	6.09743	0.153066	1
14	6.20514	0.151731	1
15	6.31122	0.150451	1
16	6.46748	0.148622	1
17	6.60278	0.147091	1
18	6.73595	0.14563	1
19	6.84634	0.144451	1
20	7.01186	0.142736	1
21	7.1426	0.141424	1
22	7.30182	0.139873	1
23	7.4455	0.138517	1
24	7.57228	0.137353	1
25	7.72299	0.136006	1
26	7.84144	0.134975	1
27	7.96212	0.133948	1
28	8.10638	0.132751	1
29	8.26075	0.131505	1
30	8.32198	0.13102	1
31	8.41693	0.130279	1
32	8.47366	0.129842	0
33	8.51247	0.129546	0
34	8.56228	0.129168	0
35	8.59402	0.12893	0
36	8.60195	0.12887	0
37	8.65137	0.128502	0
38	8.67041	0.12836	0
39	8.68513	0.128252	0
40	8.73977	0.12785	0
41	8.78633	0.127511	0
42	8.86313	0.126957	0
43	8.94596	0.126368	0
44	9.02437	0.125818	0
45	9.08594	0.125391	0
46	9.1595	0.124886	0
47	9.21975	0.124478	0
48	9.25815	0.124219	0
49	9.27428	0.124111	0
50	9.27935	0.124077	0
51	9.29358	0.123982	0
52	9.304	0.123913	0
53	9.29707	0.123959	0
54	9.28047	0.12407	0
55	9.27912	0.124079	0
56	9.25732	0.124225	0
57	9.2394	0.124345	0
58	9.20078	0.124606	0
59	9.1769	0.124768	0
60	9.15805	0.124896	0
61	9.14097	0.125013	0
62	9.11454	0.125194	0
63	9.11821	0.125169	0
64	9.10067	0.125289	0
65	9.10099	0.125287	0
66	9.09543	0.125326	0
67	9.08858	0.125373	0
68	9.08083	0.125426	0
69	9.07558	0.125462	0
70	9.06767	0.125517	0
71	9.07864	0.125441	0
72	9.07109	0.125493	0
73	9.07016	0.1255	0
74	9.07329	0.125478	0
75	9.08067	0.125427	0
76	9.08304	0.125411	0
77	9.08132	0.125423	0
78	9.07648	0.125456	0
79	9.08437	0.125402	0
80	9.07997	0.125432	0
81	9.07776	0.125447	0
82	9.077	0.125453	0
83	9.08096	0.125425	0
84	9.07854	0.125442	0
85	9.07589	0.12546	0
86	9.06351	0.125546	0
87	9.05777	0.125586	0
88	9.04826	0.125652	0
89	9.03123	0.12577	0
90	9.01417	0.125889	0
91	8.99969	0.12599	0
92	8.98024	0.126127	0
93	8.96883	0.126207	0
94	8.95366	0.126314	0
95	8.94141	0.1264	0
96	8.92887	0.126489	0
97	8.90622	0.12665	0
98	8.88613	0.126793	0
99	8.86753	0.126926	0
100	8.84919	0.127057	0
101	8.83411	0.127166	0
102	8.82123	0.127258	0
103	8.81376	0.127312	0
104	8.8121	0.127324	0
105	8.80741	0.127358	0
106	8.80602	0.127368	0
107	8.80357	0.127386	0
108	8.79669	0.127436	0
109	8.79634	0.127438	0
110	8.79068	0.127479	0
111	8.78879	0.127493	0
112	8.78798	0.127499	0
113	8.7851	0.12752	0
114	8.78383	0.127529	0
115	8.78114	0.127549	0
116	8.77841	0.127568	0
117	8.77674	0.127581	0
118	8.77157	0.127618	0
119	8.76329	0.127678	0
120	8.75226	0.127759	0
121	8.73839	0.12786	0
122	8.72891	0.12793	0
123	8.71588	0.128025	0
124	8.70208	0.128127	0
125	8.68749	0.128234	0
126	8.67827	0.128302	0
127	8.66959	0.128366	0
128	8.66236	0.12842	0
129	8.65122	0.128503	0
130	8.64115	0.128578	0
131	8.63238	0.128643	0
132	8.62443	0.128702	0
133	8.61401	0.12878	0
134	8.60478	0.128849	0
135	8.5984	0.128897	0
136	8.59156	0.128948	0
137	8.58456	0.129001	0
138	8.57799	0.12905	0
139	8.57052	0.129106	0
140	8.56389	0.129156	0
141	8.55754	0.129204	0
142	8.54974	0.129263	0
143	8.54339	0.129311	0
144	8.53971	0.129339	0
145	8.53349	0.129386	0
146	8.52856	0.129424	0
147	8.52417	0.129457	0
148	8.51722	0.12951	0
149	8.51028	0.129562	0
150	8.50526	0.129601	0
151	8.4976	0.129659	0
152	8.49029	0.129715	0
153	8.48505	0.129755	0
154	8.48002	0.129793	0
155	8.47664	0.129819	0
156	8.47214	0.129854	0
157	8.46977	0.129872	0
158	8.46533	0.129906	0
159	8.46256	0.129927	0
160	8.46014	0.129946	0
161	8.45963	0.12995	0
162	8.46265	0.129927	0
163	8.46998	0.12987	0
164	8.47091	0.129863	0
165	8.47839	0.129806	0
166	8.48676	0.129742	0
167	8.49574	0.129673	0
168	8.50448	0.129607	0
169	8.51026	0.129563	0
170	8.51525	0.129525	0
171	8.52522	0.129449	0
172	8.53309	0.129389	0
173	8.54294	0.129314	0
174	8.55284	0.12924	0
175	8.56003	0.129185	0
176	8.56723	0.129131	0
177	8.57557	0.129068	0
178	8.58669	0.128985	0
179	8.59835	0.128897	0
180	8.60771	0.128827	0
181	8.61763	0.128753	0
182	8.63185	0.128647	0
183	8.64907	0.128519	0
184	8.66586	0.128394	0
185	8.68232	0.128272	0
186	8.69956	0.128145	0
187	8.71894	0.128003	0
188	8.74905	0.127782	0
189	8.78162	0.127545	0
190	8.81867	0.127277	0
191	8.85877	0.126988	0
192	8.89897	0.126701	0
193	8.93801	0.126424	0
194	8.98107	0.126121	0
195	9.01953	0.125852	0
196	9.05875	0.125579	0
197	9.10126	0.125285	0
198	9.14385	0.124993	0
199	9.19376	0.124653	0
200	9.23097	0.124402	0
201	9.26549	0.12417	0
202	9.30102	0.123933	0
203	9.33863	0.123683	0
204	9.37644	0.123433	0
205	9.40798	0.123226	0
206	9.43355	0.123059	0
207	9.46792	0.122835	0
208	9.49204	0.122679	0
209	9.52353	0.122476	0
210	9.54451	0.122342	0
211	9.55835	0.122253	0
212	9.58263	0.122098	0
213	9.60616	0.121948	0
214	9.61956	0.121863	0
215	9.63974	0.121736	0
216	9.65944	0.121612	0
217	9.67353	0.121523	0
218	9.68771	0.121434	0
219	9.69921	0.121362	0
220	9.70126	0.121349	0
221	9.70511	0.121325	0
222	9.71993	0.121233	0
223	9.72771	0.121184	0
224	9.74103	0.121101	0
225	9.7576	0.120998	0
226	9.76476	0.120954	0
227	9.78176	0.120849	0
228	9.81036	0.120673	0
229	9.82359	0.120591	0
230	9.84184	0.120479	0
231	9.85898	0.120375	0
232	9.87282	0.12029	0
233	9.8987	0.120133	0
234	9.91532	0.120032	0
235	9.91602	0.120028	0
236	9.93154	0.119934	0
237	9.94087	0.119878	0
238	9.95678	0.119782	0
239	9.97067	0.119699	0
240	9.97723	0.119659	0
241	9.98671	0.119602	0
242	9.99414	0.119558	0
243	10.0071	0.11948	0
244	10.0221	0.119391	0
245	10.0353	0.119312	0
246	10.0476	0.119239	0
247	10.0619	0.119154	0
248	10.0734	0.119087	0
249	10.0894	0.118992	0
250	10.1003	0.118928	0
251	10.119	0.118818	0
252	10.132	0.118742	0
253	10.1438	0.118673	0
254	10.1503	0.118635	0
255	10.1616	0.118569	0
256	10.1707	0.118516	0
257	10.185	0.118433	0
258	10.1839	0.118439	0
259	10.1928	0.118387	0
260	10.205	0.118316	0
261	10.2142	0.118263	0
