Input	../Output/Countries/SEN.dat
Flat	no	Result	f(y)~beta0+beta1*y
Regression	asymptotic	c	2	Include	left
Range	0	125
beta0	4.33204	error	0.0319071
beta1	0.00419978	error	0.000435572

X	Y	Error	Weight
0	3.63003	0.198379	1
1	3.77113	0.194633	1
2	3.93742	0.190478	1
3	4.07268	0.187288	1
4	4.14086	0.18574	1
5	4.17218	0.185042	1
6	4.2258	0.183864	1
7	4.27069	0.182895	1
8	4.29046	0.182473	1
9	4.33636	0.181505	1
10	4.28063	0.182683	1
11	4.36582	0.180891	1
12	4.38024	0.180594	1
13	4.32129	0.181821	1
14	4.306	0.182144	1
15	4.32129	0.181821	1
16	4.47571	0.178657	1
17	4.55538	0.177088	1
18	4.56435	0.176914	1
19	4.60087	0.17621	1
20	4.6861	0.1746	1
21	4.73243	0.173744	1
22	4.70178	0.174309	1
23	4.54329	0.177323	1
24	4.48703	0.178432	1
25	4.46591	0.178853	1
26	4.48864	0.1784	1
27	4.44935	0.179186	1
28	4.35854	0.181042	1
29	4.39445	0.180301	1
30	4.42741	0.179629	1
31	4.35304	0.181157	1
32	4.3438	0.181349	1
33	4.33822	0.181466	1
34	4.30792	0.182103	1
35	4.38024	0.180594	1
36	4.44769	0.179219	1
37	4.46591	0.178853	1
38	4.56881	0.176827	1
39	4.57471	0.176713	1
40	4.56584	0.176885	1
41	4.64164	0.175435	1
42	4.62497	0.17575	1
43	4.58058	0.1766	1
44	4.58788	0.176459	1
45	4.57618	0.176685	1
46	4.61653	0.175911	1
47	4.65804	0.175126	1
48	4.59944	0.176237	1
49	4.67015	0.174898	1
50	4.69003	0.174527	1
51	4.66881	0.174923	1
52	4.64851	0.175305	1
53	4.64576	0.175357	1
54	4.62777	0.175697	1
55	4.72358	0.173906	1
56	4.72232	0.173929	1
57	4.7362	0.173674	1
58	4.73494	0.173698	1
59	4.72232	0.173929	1
60	4.6874	0.174576	1
61	4.68478	0.174625	1
62	4.62637	0.175724	1
63	4.57028	0.176799	1
64	4.60231	0.176183	1
65	4.64439	0.175383	1
66	4.6861	0.1746	1
67	4.73369	0.173721	1
68	4.76462	0.173156	1
69	4.75112	0.173402	1
70	4.75482	0.173334	1
71	4.75605	0.173312	1
72	4.71339	0.174094	1
73	4.67948	0.174724	1
74	4.64987	0.175279	1
75	4.64714	0.175331	1
76	4.63056	0.175644	1
77	4.66344	0.175024	1
78	4.65396	0.175202	1
79	4.63334	0.175592	1
80	4.59944	0.176237	1
81	4.62216	0.175804	1
82	4.60087	0.17621	1
83	4.54935	0.177205	1
84	4.53872	0.177413	1
85	4.56881	0.176827	1
86	4.67416	0.174823	1
87	4.66344	0.175024	1
88	4.67683	0.174773	1
89	4.71978	0.173976	1
90	4.83174	0.171949	1
91	4.83742	0.171848	1
92	4.82374	0.172091	1
93	4.7585	0.173267	1
94	4.7634	0.173178	1
95	4.78749	0.172742	1
96	4.78749	0.172742	1
97	4.75112	0.173402	1
98	4.64987	0.175279	1
99	4.55086	0.177176	1
100	4.48703	0.178432	1
101	4.49503	0.178273	1
102	4.41194	0.179944	1
103	4.46591	0.178853	1
104	4.53872	0.177413	1
105	4.63195	0.175618	1
106	4.77672	0.172936	1
107	4.88497	0.171009	1
108	4.90845	0.1706	1
109	5.00968	0.168867	1
110	4.98654	0.169259	1
111	4.94673	0.169939	1
112	4.99043	0.169193	1
113	4.94876	0.169904	1
114	4.88389	0.171028	1
115	4.88389	0.171028	1
116	4.80986	0.17234	1
117	4.76217	0.1732	1
118	4.75973	0.173245	1
119	4.76095	0.173222	1
120	4.72232	0.173929	1
121	4.70824	0.174189	1
122	4.6755	0.174798	1
123	4.66074	0.175075	1
124	4.65396	0.175202	1
125	4.598	0.176265	1
126	4.46096	0.178952	0
127	4.46262	0.178919	0
128	4.44769	0.179219	0
129	4.44935	0.179186	0
130	4.37665	0.180668	0
131	4.33073	0.181623	0
132	4.26268	0.183067	0
133	4.25257	0.183284	0
134	4.12019	0.186205	0
135	4.05302	0.187742	0
136	4.01766	0.188566	0
137	3.93742	0.190478	0
138	3.83484	0.193009	0
139	3.79708	0.193966	0
140	3.72052	0.195952	0
141	3.73426	0.195591	0
142	3.73084	0.195681	0
143	4.23824	0.183594	0
144	4.19827	0.184466	0
145	4.20256	0.184372	0
146	4.16777	0.18514	0
147	4.16556	0.185189	0
148	4.12713	0.186049	0
149	4.12251	0.186153	0
150	3.49216	0.202257	0
151	3.47905	0.202638	0
152	3.34237	0.20674	0
153	3.32194	0.207374	0
154	3.25258	0.209574	0
155	3.32708	0.207214	0
156	3.25258	0.209574	0
157	3.27982	0.208702	0
158	3.28519	0.208531	0
159	3.3673	0.205973	0
160	3.41069	0.204659	0
161	3.34741	0.206584	0
162	3.27446	0.208872	0
163	3.3673	0.205973	0
164	3.33221	0.207055	0
165	3.3116	0.207698	0
166	3.19577	0.211428	0
167	3.14169	0.21324	0
168	3.22458	0.210482	0
169	3.21314	0.210856	0
170	3.1899	0.211623	0
171	3.16607	0.212418	0
172	3.11036	0.214312	0
173	3.11667	0.214095	0
174	3.09752	0.214755	0
175	3.05131	0.216375	0
176	3.06474	0.215901	0
177	2.99573	0.218373	0
178	3.07796	0.215437	0
179	3.08452	0.215207	0
180	3.12926	0.213663	0
181	3.11036	0.214312	0
182	3.07135	0.215668	0
183	2.94444	0.220267	0
184	2.94444	0.220267	0
185	2.77259	0.226991	0
186	2.63906	0.232663	0
187	2.49675	0.239201	0
188	2.43615	0.242158	0
189	2.34459	0.246841	0
190	2.42356	0.242786	0
191	2.33078	0.247571	0
192	2.28818	0.249865	0
193	2.27357	0.250667	0
194	2.37155	0.245434	0
195	2.31678	0.248318	0
196	2.3979	0.244082	0
197	2.41081	0.243427	0
198	2.35811	0.246132	0
199	2.43615	0.242158	0
200	2.49675	0.239201	0
201	2.38481	0.244751	0
202	2.42356	0.242786	0
203	2.50846	0.238642	0
204	2.49675	0.239201	0
205	2.55389	0.23651	0
206	2.50846	0.238642	0
207	2.53139	0.237559	0
208	2.56495	0.236	0
209	2.58671	0.235005	0
210	2.50846	0.238642	0
211	2.5427	0.23703	0
212	2.61842	0.233578	0
213	2.67903	0.23092	0
214	2.69847	0.230087	0
215	2.8824	0.222625	0
216	2.94444	0.220267	0
217	3.14169	0.21324	0
218	3.31676	0.207536	0
219	3.3116	0.207698	0
220	3.34741	0.206584	0
221	3.55943	0.200337	0
222	3.60316	0.199117	0
223	3.80984	0.193641	0
224	3.96759	0.189753	0
225	4.05055	0.187799	0
226	4.19398	0.18456	0
