Input	../Output/Countries/SGP.dat
Flat	no	Result	f(y)~beta0+beta1*y
Regression	asymptotic	c	2	Include	left
Range	0	18
beta0	3.55561	error	0.0863472
beta1	0.0441664	error	0.00798226

X	Y	Error	Weight
0	3.44773	0.203556	1
1	3.4878	0.202383	1
2	3.63759	0.198173	1
3	3.73084	0.195681	1
4	3.81615	0.193481	1
5	3.87714	0.191953	1
6	3.90341	0.191306	1
7	3.96759	0.189753	1
8	4.01766	0.188566	1
9	3.96759	0.189753	1
10	3.96217	0.189882	1
11	3.96488	0.189817	1
12	3.95673	0.190013	1
13	3.9995	0.188994	1
14	4.01252	0.188687	1
15	4.19613	0.184513	1
16	4.26066	0.18311	1
17	4.37306	0.180742	1
18	4.48864	0.1784	1
19	4.81218	0.172298	0
20	4.95583	0.169782	0
21	5.0662	0.167923	0
22	5.16315	0.166339	0
23	5.39558	0.162717	0
24	5.53339	0.160678	0
25	5.69229	0.158419	0
26	5.88491	0.155805	0
27	6.04094	0.15378	0
28	6.26828	0.150965	0
29	6.36204	0.149849	0
30	6.5903	0.147231	0
31	6.73221	0.145671	0
32	6.82468	0.14468	0
33	6.87154	0.144186	0
34	6.91132	0.143771	0
35	6.8641	0.144264	0
36	6.91289	0.143754	0
37	6.81955	0.144735	0
38	6.72418	0.145758	0
39	6.66659	0.146386	0
40	6.56948	0.147464	0
41	6.57647	0.147385	0
42	6.54185	0.147775	0
43	6.48376	0.148435	0
44	6.43317	0.149018	0
45	6.45677	0.148745	0
46	6.47851	0.148496	0
47	6.52419	0.147975	0
48	6.48921	0.148373	0
49	6.55353	0.147643	0
50	6.59715	0.147154	0
51	6.58004	0.147345	0
52	6.62217	0.146876	0
53	6.60045	0.147117	0
54	6.60259	0.147094	0
55	6.60742	0.14704	0
56	6.55026	0.14768	0
57	6.50983	0.148138	0
58	6.47058	0.148587	0
59	6.37843	0.149656	0
60	6.35263	0.14996	0
61	6.27395	0.150897	0
62	6.22456	0.151494	0
63	6.27342	0.150903	0
64	6.23665	0.151348	0
65	6.24749	0.151216	0
66	6.22851	0.151446	0
67	6.21803	0.151574	0
68	6.19644	0.151838	0
69	6.19557	0.151848	0
70	6.15516	0.152346	0
71	6.14602	0.152459	0
72	6.16542	0.152219	0
73	6.21261	0.15164	0
74	6.22286	0.151515	0
75	6.26285	0.151031	0
76	6.16271	0.152253	0
77	6.11273	0.152874	0
78	6.06909	0.153423	0
79	6.06179	0.153515	0
80	5.94691	0.154991	0
81	5.90185	0.155581	0
82	5.86404	0.156082	0
83	5.9428	0.155044	0
84	5.94393	0.155029	0
85	5.95287	0.154913	0
86	5.8869	0.155779	0
87	5.85997	0.156136	0
88	5.77322	0.157305	0
89	5.69709	0.158352	0
90	5.53	0.160727	0
91	5.4541	0.161841	0
92	5.36129	0.163236	0
93	5.36397	0.163195	0
94	5.34233	0.163525	0
95	5.3033	0.164126	0
96	5.19534	0.165823	0
97	5.25452	0.164886	0
98	5.30756	0.16406	0
99	5.27227	0.164609	0
100	5.26046	0.164793	0
101	5.3505	0.163401	0
102	5.36664	0.163155	0
103	5.41547	0.162418	0
104	5.38318	0.162904	0
105	5.31109	0.164006	0
106	5.25526	0.164875	0
107	5.24099	0.165099	0
108	5.1713	0.166208	0
109	5.12396	0.166974	0
110	5.0689	0.167878	0
111	5.08848	0.167555	0
112	5.07428	0.167789	0
113	5.11113	0.167183	0
114	5.22421	0.165364	0
115	5.36062	0.163246	0
116	5.41927	0.162361	0
117	5.49424	0.161249	0
118	5.57107	0.160133	0
119	5.58885	0.159878	0
120	5.63019	0.15929	0
121	5.5226	0.160834	0
122	5.55185	0.16041	0
123	5.58564	0.159924	0
124	5.64089	0.159139	0
125	5.61521	0.159503	0
126	5.76519	0.157414	0
127	5.86079	0.156125	0
128	5.99254	0.154399	0
129	5.97816	0.154585	0
130	5.98681	0.154473	0
131	5.95916	0.154831	0
132	6.00212	0.154276	0
133	5.92654	0.155257	0
134	5.86038	0.156131	0
135	5.75619	0.157537	0
136	5.72685	0.15794	0
137	5.96358	0.154774	0
138	5.97199	0.154665	0
139	5.91428	0.155418	0
140	5.84437	0.156344	0
141	5.78558	0.157137	0
142	5.76877	0.157365	0
143	5.65848	0.158892	0
144	5.09375	0.167468	0
145	4.90209	0.170711	0
146	4.71722	0.174023	0
147	4.64987	0.175279	0
148	4.52023	0.177775	0
149	4.35671	0.181081	0
150	4.4257	0.179664	0
151	4.50929	0.177991	0
152	4.45435	0.179085	0
153	4.50929	0.177991	0
154	4.45932	0.178985	0
155	4.46096	0.178952	0
156	4.39268	0.180338	0
157	4.26268	0.183067	0
158	4.19398	0.18456	0
159	4.21318	0.184139	0
160	4.16334	0.185238	0
161	4.16556	0.185189	0
162	4.08957	0.186901	0
163	4.06536	0.187457	0
164	4.08717	0.186956	0
165	3.95399	0.190079	0
166	3.8712	0.1921	0
167	3.696	0.196601	0
168	3.63382	0.198276	0
169	3.57954	0.199773	0
170	3.50083	0.202007	0
171	3.53056	0.201154	0
172	3.77767	0.194464	0
173	3.82553	0.193244	0
174	3.95946	0.189947	0
175	3.98101	0.189432	0
176	4.00473	0.188871	0
177	4.07024	0.187345	0
178	4.03802	0.18809	0
179	3.90629	0.191236	0
180	3.76783	0.194718	0
181	3.48342	0.202511	0
182	3.35738	0.206277	0
183	3.1899	0.211623	0
184	3.07796	0.215437	0
185	2.98856	0.218635	0
186	2.8824	0.222625	0
187	2.85813	0.223568	0
188	2.85813	0.223568	0
189	2.89829	0.222014	0
190	2.87435	0.222936	0
191	2.74541	0.228112	0
192	2.79905	0.225915	0
193	2.89037	0.222318	0
194	2.9216	0.221126	0
195	2.91393	0.221417	0
196	2.79905	0.225915	0
197	2.77259	0.226991	0
198	2.69847	0.230087	0
199	2.53139	0.237559	0
200	2.37155	0.245434	0
201	2.22851	0.253188	0
202	2.22851	0.253188	0
203	2.24379	0.252325	0
204	2.21299	0.254075	0
205	2.16493	0.256879	0
206	2.04304	0.264431	0
207	1.94591	0.27095	0
208	1.81531	0.280527	0
209	1.79176	0.282365	0
210	1.69175	0.290591	0
211	1.60944	0.29793	0
212	1.60944	0.29793	0
213	1.66506	0.292911	0
214	1.83832	0.278766	0
215	1.94591	0.27095	0
216	1.96613	0.269553	0
217	2.16493	0.256879	0
218	2.13168	0.258875	0
219	2.11457	0.25992	0
220	2.13168	0.258875	0
221	2.04304	0.264431	0
222	2.02433	0.265651	0
223	2.00539	0.266902	0
224	1.96613	0.269553	0
225	1.94591	0.27095	0
226	1.9042	0.273902	0
227	1.94591	0.27095	0
228	1.94591	0.27095	0
229	1.94591	0.27095	0
230	1.83832	0.278766	0
231	1.71758	0.288399	0
232	1.66506	0.292911	0
233	1.83832	0.278766	0
234	1.83832	0.278766	0
235	2.06141	0.263251	0
236	2.13168	0.258875	0
237	2.25874	0.251488	0
238	2.18121	0.255919	0
239	2.19722	0.254984	0
240	2.14838	0.257867	0
241	2.09716	0.260997	0
242	1.83832	0.278766	0
243	1.66506	0.292911	0
244	1.42142	0.317022	0
245	1.51973	0.306597	0
246	1.76764	0.284285	0
247	1.76764	0.284285	0
248	2.02433	0.265651	0
249	2.06141	0.263251	0
250	2.07944	0.262106	0
251	2.07944	0.262106	0
252	2.09716	0.260997	0
253	2.02433	0.265651	0
254	2.02433	0.265651	0
255	1.86082	0.277076	0
256	1.74292	0.286294	0
257	1.83832	0.278766	0
258	1.81531	0.280527	0
259	1.96613	0.269553	0
260	1.9042	0.273902	0
261	2.06141	0.263251	0
