Input	../Output/Countries/UZB.dat
Flat	no	Result	f(y)~beta0+beta1*y
Regression	asymptotic	c	2	Include	left
Range	0	49
beta0	4.27175	error	0.0516358
beta1	-0.0113905	error	0.00184314

X	Y	Error	Weight
0	3.78419	0.194296	1
1	3.90629	0.191236	1
2	3.95124	0.190145	1
3	3.98633	0.189306	1
4	4.03802	0.18809	1
5	4.27069	0.182895	1
6	4.31367	0.181982	1
7	4.34751	0.181272	1
8	4.52334	0.177714	1
9	4.68345	0.17465	1
10	4.69657	0.174406	1
11	4.71466	0.174071	1
12	4.6375	0.175513	1
13	4.60517	0.176128	1
14	4.49822	0.178209	1
15	4.29437	0.18239	1
16	4.07996	0.187121	1
17	4.06781	0.1874	1
18	4.04305	0.187973	1
19	3.97299	0.189624	1
20	3.77113	0.194633	1
21	3.6781	0.197079	1
22	3.61862	0.198692	1
23	3.71008	0.196227	1
24	3.69245	0.196695	1
25	3.696	0.196601	1
26	3.59926	0.199225	1
27	3.68888	0.19679	1
28	3.70657	0.19632	1
29	3.64508	0.197969	1
30	3.49651	0.202131	1
31	3.61092	0.198903	1
32	3.53056	0.201154	1
33	3.49651	0.202131	1
34	3.64881	0.197868	1
35	3.74783	0.195236	1
36	3.79708	0.193966	1
37	3.99163	0.18918	1
38	3.90341	0.191306	1
39	3.94296	0.190344	1
40	4.01766	0.188566	1
41	3.86822	0.192174	1
42	3.77439	0.194548	1
43	3.8712	0.1921	1
44	3.84404	0.192778	1
45	3.81927	0.193402	1
46	3.8889	0.191663	1
47	3.98633	0.189306	1
48	4.07268	0.187288	1
49	4.04054	0.188032	1
50	4.12944	0.185997	0
51	4.11788	0.186258	0
52	4.22787	0.183819	0
53	4.14086	0.18574	0
54	4.12019	0.186205	0
55	4.18313	0.184799	0
56	4.29437	0.18239	0
57	4.20683	0.184278	0
58	4.21529	0.184093	0
59	4.25864	0.183154	0
60	4.3438	0.181349	0
61	4.36037	0.181004	0
62	4.61653	0.175911	0
63	4.65804	0.175126	0
64	4.6874	0.174576	0
65	4.71339	0.174094	0
66	4.7412	0.173583	0
67	4.81335	0.172277	0
68	4.82488	0.172071	0
69	4.67283	0.174848	0
70	4.76704	0.173112	0
71	4.93447	0.170149	0
72	5.01917	0.168708	0
73	4.98751	0.169242	0
74	5.03602	0.168425	0
75	5.13327	0.166822	0
76	5.17292	0.166182	0
77	5.1425	0.166672	0
78	5.11799	0.167071	0
79	5.23034	0.165267	0
80	5.30544	0.164093	0
81	5.35456	0.163339	0
82	5.38646	0.162854	0
83	5.45226	0.161869	0
84	5.52773	0.16076	0
85	5.57215	0.160118	0
86	5.54462	0.160515	0
87	5.60422	0.159659	0
88	5.63937	0.159161	0
89	5.66791	0.158759	0
90	5.69036	0.158446	0
91	5.72265	0.157998	0
92	5.80986	0.156808	0
93	5.79953	0.156948	0
94	5.87252	0.155969	0
95	5.92921	0.155222	0
96	5.99325	0.15439	0
97	6.05276	0.153629	0
98	6.13402	0.152608	0
99	6.13958	0.152539	0
100	6.21146	0.151654	0
101	6.21518	0.151609	0
102	6.23721	0.151341	0
103	6.26285	0.151031	0
104	6.28493	0.150765	0
105	6.23104	0.151416	0
106	6.29579	0.150635	0
107	6.29632	0.150629	0
108	6.32794	0.150252	0
109	6.2844	0.150771	0
110	6.28786	0.15073	0
111	6.2913	0.150689	0
112	6.36303	0.149837	0
113	6.30157	0.150566	0
114	6.39836	0.149423	0
115	6.41697	0.149206	0
116	6.4985	0.148267	0
117	6.5369	0.147831	0
118	6.5315	0.147892	0
119	6.54227	0.14777	0
120	6.63857	0.146694	0
121	6.61204	0.146988	0
122	6.58004	0.147345	0
123	6.58084	0.147337	0
124	6.54473	0.147742	0
125	6.62444	0.146851	0
126	6.61778	0.146925	0
127	6.50941	0.148143	0
128	6.54309	0.147761	0
129	6.57288	0.147426	0
130	6.52293	0.147989	0
131	6.54617	0.147726	0
132	6.51365	0.148094	0
133	6.44299	0.148904	0
134	6.48899	0.148376	0
135	6.45655	0.148748	0
136	6.40263	0.149373	0
137	6.40947	0.149293	0
138	6.34914	0.150001	0
139	6.24749	0.151216	0
140	6.25548	0.15112	0
141	6.15243	0.15238	0
142	6.00987	0.154177	0
143	6.02656	0.153963	0
144	5.93489	0.155147	0
145	5.89204	0.155711	0
146	5.8693	0.156012	0
147	5.89597	0.155659	0
148	5.87252	0.155969	0
149	5.86728	0.156039	0
150	5.76877	0.157365	0
151	5.78514	0.157143	0
152	5.76205	0.157457	0
153	5.73334	0.157851	0
154	5.65499	0.158941	0
155	5.72917	0.157908	0
156	5.87533	0.155932	0
157	5.98609	0.154482	0
158	6.11305	0.15287	0
159	6.19382	0.15187	0
160	6.27018	0.150942	0
161	6.33379	0.150182	0
162	6.38447	0.149585	0
163	6.36917	0.149765	0
164	6.38592	0.149568	0
165	6.37112	0.149742	0
166	6.41369	0.149244	0
167	6.43271	0.149023	0
168	6.40499	0.149345	0
169	6.41017	0.149285	0
170	6.41111	0.149274	0
171	6.3986	0.14942	0
172	6.3823	0.149611	0
173	6.30393	0.150538	0
174	6.26476	0.151008	0
175	6.2718	0.150923	0
176	6.26176	0.151044	0
177	6.1979	0.15182	0
178	6.1726	0.152131	0
179	6.08091	0.153273	0
180	6.19119	0.151902	0
181	6.15334	0.152369	0
182	6.11558	0.152838	0
183	6.05678	0.153578	0
184	6.01337	0.154132	0
185	6.00424	0.154249	0
186	6.02241	0.154016	0
187	5.89322	0.155695	0
188	5.87252	0.155969	0
189	5.826	0.156591	0
190	5.79432	0.157018	0
191	5.82516	0.156602	0
192	5.77366	0.157299	0
193	5.771	0.157335	0
194	5.67136	0.158711	0
195	5.66791	0.158759	0
196	5.75212	0.157593	0
197	5.74529	0.157687	0
198	5.68455	0.158527	0
199	5.73241	0.157864	0
200	5.72078	0.158024	0
201	5.71043	0.158167	0
202	5.74254	0.157724	0
203	5.72452	0.157972	0
204	5.67968	0.158595	0
205	5.71844	0.158056	0
206	5.63121	0.159276	0
207	5.6058	0.159636	0
208	5.65948	0.158878	0
209	5.57649	0.160055	0
210	5.42369	0.162294	0
211	5.47586	0.161519	0
212	5.45532	0.161823	0
213	5.44242	0.162015	0
214	5.37462	0.163034	0
215	5.32301	0.163822	0
216	5.41547	0.162418	0
217	5.53452	0.160661	0
218	5.34982	0.163411	0
219	5.44304	0.162006	0
220	5.40074	0.162639	0
221	5.44118	0.162033	0
222	5.44427	0.161987	0
223	5.37594	0.163014	0
224	5.26491	0.164723	0
225	5.44489	0.161978	0
226	5.34096	0.163546	0
227	5.27007	0.164643	0
228	5.33616	0.16362	0
229	5.32926	0.163726	0
230	5.27957	0.164495	0
231	5.29331	0.164281	0
232	5.25227	0.164922	0
233	5.27592	0.164551	0
234	5.35928	0.163267	0
235	5.22805	0.165303	0
236	5.21416	0.165523	0
237	5.18739	0.16595	0
238	5.23947	0.165123	0
239	5.21727	0.165474	0
240	5.0644	0.167953	0
241	4.98361	0.169309	0
242	5.17534	0.166143	0
243	4.99431	0.169127	0
244	5.1299	0.166877	0
245	4.91998	0.1704	0
