Input	../Output/Countries/VEN.dat
Flat	no	Result	f(y)~beta0+beta1*y
Regression	asymptotic	c	2	Include	left
Range	0	94
beta0	3.90277	error	0.0355796
beta1	0.0340377	error	0.000609977

X	Y	Error	Weight
0	3.84098	0.192855	1
1	4.04806	0.187857	1
2	4.11087	0.186416	1
3	4.23824	0.183594	1
4	4.28063	0.182683	1
5	4.41712	0.179838	1
6	4.38024	0.180594	1
7	4.18966	0.184655	1
8	4.09673	0.186738	1
9	4.14766	0.185588	1
10	4.10853	0.18647	1
11	4.16111	0.185288	1
12	4.01766	0.188566	1
13	4.23824	0.183594	1
14	4.46426	0.178886	1
15	4.61512	0.175938	1
16	4.69003	0.174527	1
17	4.70695	0.174213	1
18	4.80753	0.172381	1
19	4.81913	0.172174	1
20	4.75236	0.173379	1
21	4.75482	0.173334	1
22	4.72105	0.173953	1
23	4.64302	0.175409	1
24	4.6526	0.175228	1
25	4.43082	0.17956	1
26	4.45268	0.179118	1
27	4.43252	0.179525	1
28	4.30406	0.182185	1
29	4.52798	0.177623	1
30	4.55987	0.177001	1
31	4.62216	0.175804	1
32	4.83968	0.171808	1
33	4.89891	0.170766	1
34	4.94775	0.169921	1
35	4.99818	0.169062	1
36	4.94164	0.170026	1
37	5.03881	0.168379	1
38	5.13412	0.166809	1
39	5.25526	0.164875	1
40	5.28393	0.164427	1
41	5.35524	0.163328	1
42	5.45959	0.16176	1
43	5.49012	0.16131	1
44	5.49834	0.161189	1
45	5.52602	0.160785	1
46	5.44427	0.161987	1
47	5.58885	0.159878	1
48	5.59365	0.15981	1
49	5.58296	0.159963	1
50	5.62762	0.159327	1
51	5.70331	0.158266	1
52	5.77986	0.157214	1
53	5.84891	0.156284	1
54	5.79301	0.157036	1
55	5.79301	0.157036	1
56	5.80212	0.156913	1
57	5.84561	0.156328	1
58	5.87091	0.155991	1
59	5.8323	0.156506	1
60	5.79693	0.156983	1
61	5.84809	0.156295	1
62	5.92769	0.155242	1
63	5.97852	0.15458	1
64	5.96834	0.154712	1
65	5.97671	0.154604	1
66	6.08417	0.153232	1
67	6.19906	0.151806	1
68	6.23497	0.151368	1
69	6.25767	0.151093	1
70	6.29606	0.150632	1
71	6.34664	0.15003	1
72	6.40782	0.149312	1
73	6.42302	0.149136	1
74	6.46903	0.148604	1
75	6.51851	0.148039	1
76	6.52335	0.147984	1
77	6.54432	0.147747	1
78	6.59909	0.147133	1
79	6.65213	0.146545	1
80	6.68318	0.146204	1
81	6.66986	0.14635	1
82	6.68443	0.14619	1
83	6.76124	0.145358	1
84	6.83365	0.144585	1
85	6.87715	0.144127	1
86	6.92039	0.143676	1
87	6.93801	0.143494	1
88	6.99603	0.142898	1
89	7.03502	0.142501	1
90	7.04154	0.142435	1
91	7.0107	0.142748	1
92	7.0134	0.142721	1
93	6.93565	0.143518	1
94	6.88434	0.144052	1
95	6.8103	0.144833	0
96	6.72125	0.145789	0
97	6.67312	0.146314	0
98	6.65948	0.146464	0
99	6.5905	0.147228	0
100	6.63538	0.14673	0
101	6.69527	0.146072	0
102	6.75177	0.14546	0
103	6.80303	0.14491	0
104	6.81658	0.144766	0
105	6.84861	0.144427	0
106	6.89597	0.143931	0
107	6.90475	0.143839	0
108	6.9211	0.143669	0
109	6.93856	0.143488	0
110	6.96616	0.143204	0
111	6.99288	0.14293	0
112	7.01687	0.142685	0
113	7.02465	0.142606	0
114	7.03451	0.142506	0
115	7.00177	0.142839	0
116	6.97207	0.143143	0
117	6.94298	0.143443	0
118	6.93856	0.143488	0
119	6.92081	0.143672	0
120	6.85872	0.144321	0
121	6.82763	0.144649	0
122	6.83534	0.144568	0
123	6.80541	0.144885	0
124	6.77275	0.145234	0
125	6.73238	0.145669	0
126	6.71936	0.14581	0
127	6.75743	0.145399	0
128	6.77373	0.145224	0
129	6.76997	0.145264	0
130	6.7521	0.145456	0
131	6.75942	0.145377	0
132	6.76767	0.145289	0
133	6.73849	0.145603	0
134	6.69932	0.146028	0
135	6.68871	0.146144	0
136	6.6751	0.146292	0
137	6.70336	0.145984	0
138	6.70983	0.145913	0
139	6.68265	0.14621	0
140	6.65434	0.146521	0
141	6.62615	0.146832	0
142	6.56928	0.147466	0
143	6.54617	0.147726	0
144	6.53192	0.147887	0
145	6.51005	0.148135	0
146	6.49634	0.148292	0
147	6.48681	0.1484	0
148	6.48812	0.148386	0
149	6.45475	0.148769	0
150	6.36352	0.149831	0
151	6.30628	0.15051	0
152	6.21432	0.151619	0
153	6.01964	0.154051	0
154	6.14142	0.152516	0
155	6.07041	0.153406	0
156	6.04263	0.153758	0
157	6.04703	0.153702	0
158	6.01021	0.154172	0
159	6.03651	0.153836	0
160	6.18885	0.151931	0
161	5.97562	0.154618	0
162	6.006	0.154226	0
163	6.01407	0.154123	0
164	6.01651	0.154092	0
165	6.01651	0.154092	0
166	5.97708	0.154599	0
167	5.93942	0.155088	0
168	5.9551	0.154884	0
169	5.91889	0.155357	0
170	5.933	0.155172	0
171	5.96101	0.154807	0
172	5.94953	0.154957	0
173	5.90107	0.155591	0
174	5.85548	0.156196	0
175	5.81413	0.15675	0
176	5.78163	0.15719	0
177	5.7589	0.1575	0
178	5.72078	0.158024	0
179	5.76609	0.157402	0
180	5.86566	0.15606	0
181	5.9135	0.155428	0
182	5.91928	0.155352	0
183	5.91736	0.155377	0
184	5.88809	0.155763	0
185	5.90808	0.155499	0
186	5.87894	0.155884	0
187	5.87131	0.155985	0
188	5.83898	0.156416	0
189	5.85712	0.156174	0
190	5.86485	0.156071	0
191	5.89794	0.155633	0
192	5.88093	0.155858	0
193	5.80557	0.156866	0
194	5.75257	0.157587	0
195	5.77322	0.157305	0
196	5.71468	0.158108	0
197	5.77278	0.157311	0
198	5.809	0.15682	0
199	5.81754	0.156704	0
200	5.84437	0.156344	0
201	5.83815	0.156428	0
202	5.88213	0.155842	0
